2022-08-07 15:09:10 [background-preinit] INFO  o.h.validator.internal.util.Version - HV000001: Hibernate Validator 6.1.5.Final
2022-08-07 15:09:13 [main] INFO  o.s.c.c.c.ConfigServicePropertySourceLocator - Fetching config from server at : http://localhost:8888
2022-08-07 15:09:17 [main] INFO  o.s.c.c.c.ConfigServicePropertySourceLocator - Located environment: name=elasticsearch-query-service,config-client, profiles=[elasticsearch_query], label=null, version=d5683ab153039b7f607e405b777bb4a7a7dc005b, state=null
2022-08-07 15:09:17 [main] INFO  o.s.c.b.c.PropertySourceBootstrapConfiguration - Located property source: [BootstrapPropertySource {name='bootstrapProperties-configClient'}, BootstrapPropertySource {name='bootstrapProperties-https://github.com/add-additional/config-server//config-client-elasticsearch_query.yml'}, BootstrapPropertySource {name='bootstrapProperties-https://github.com/add-additional/config-server//config-client.yml'}]
2022-08-07 15:09:17 [main] INFO  n.s.e.q.s.ElasticsearchQueryServiceApplication - The following profiles are active: elasticsearch_query
2022-08-07 15:09:18 [main] INFO  o.s.d.r.c.RepositoryConfigurationDelegate - Bootstrapping Spring Data Elasticsearch repositories in DEFAULT mode.
2022-08-07 15:09:19 [main] INFO  o.s.d.r.c.RepositoryConfigurationDelegate - Finished Spring Data repository scanning in 74ms. Found 1 Elasticsearch repository interfaces.
2022-08-07 15:09:19 [main] INFO  o.s.d.r.c.RepositoryConfigurationDelegate - Bootstrapping Spring Data Reactive Elasticsearch repositories in DEFAULT mode.
2022-08-07 15:09:19 [main] INFO  o.s.d.r.c.RepositoryConfigurationDelegate - Finished Spring Data repository scanning in 20ms. Found 0 Reactive Elasticsearch repository interfaces.
2022-08-07 15:09:19 [main] INFO  o.s.cloud.context.scope.GenericScope - BeanFactory id=563b4d6e-241e-32ef-9301-ac68c1328aca
2022-08-07 15:09:21 [main] INFO  o.s.b.w.e.tomcat.TomcatWebServer - Tomcat initialized with port(s): 8998 (http)
2022-08-07 15:09:21 [main] INFO  o.a.coyote.http11.Http11NioProtocol - Initializing ProtocolHandler ["http-nio-8998"]
2022-08-07 15:09:21 [main] INFO  o.a.catalina.core.StandardService - Starting service [Tomcat]
2022-08-07 15:09:21 [main] INFO  o.a.catalina.core.StandardEngine - Starting Servlet engine: [Apache Tomcat/9.0.38]
2022-08-07 15:09:21 [main] INFO  o.a.c.c.C.[.[.[/elasticsearch-query-service] - Initializing Spring embedded WebApplicationContext
2022-08-07 15:09:21 [main] INFO  o.s.b.w.s.c.ServletWebServerApplicationContext - Root WebApplicationContext: initialization completed in 4234 ms
2022-08-07 15:09:21 [main] WARN  o.s.data.convert.CustomConversions - Registering converter from class org.springframework.data.geo.Point to interface java.util.Map as writing converter although it doesn't convert to a store-supported type! You might want to check your annotation setup at the converter implementation.
2022-08-07 15:09:21 [main] WARN  o.s.data.convert.CustomConversions - Registering converter from interface java.util.Map to class org.springframework.data.geo.Point as reading converter although it doesn't convert from a store-supported type! You might want to check your annotation setup at the converter implementation.
2022-08-07 15:09:21 [main] WARN  o.s.data.convert.CustomConversions - Registering converter from class org.springframework.data.elasticsearch.core.geo.GeoPoint to interface java.util.Map as writing converter although it doesn't convert to a store-supported type! You might want to check your annotation setup at the converter implementation.
2022-08-07 15:09:21 [main] WARN  o.s.data.convert.CustomConversions - Registering converter from interface java.util.Map to class org.springframework.data.elasticsearch.core.geo.GeoPoint as reading converter although it doesn't convert from a store-supported type! You might want to check your annotation setup at the converter implementation.
2022-08-07 15:09:21 [main] WARN  o.s.data.convert.CustomConversions - Registering converter from class org.springframework.data.geo.Point to interface java.util.Map as writing converter although it doesn't convert to a store-supported type! You might want to check your annotation setup at the converter implementation.
2022-08-07 15:09:21 [main] WARN  o.s.data.convert.CustomConversions - Registering converter from interface java.util.Map to class org.springframework.data.geo.Point as reading converter although it doesn't convert from a store-supported type! You might want to check your annotation setup at the converter implementation.
2022-08-07 15:09:21 [main] WARN  o.s.data.convert.CustomConversions - Registering converter from class org.springframework.data.elasticsearch.core.geo.GeoPoint to interface java.util.Map as writing converter although it doesn't convert to a store-supported type! You might want to check your annotation setup at the converter implementation.
2022-08-07 15:09:21 [main] WARN  o.s.data.convert.CustomConversions - Registering converter from interface java.util.Map to class org.springframework.data.elasticsearch.core.geo.GeoPoint as reading converter although it doesn't convert from a store-supported type! You might want to check your annotation setup at the converter implementation.
2022-08-07 15:09:24 [main] INFO  o.s.d.e.support.VersionInfo - Version Spring Data Elasticsearch: 4.0.4.RELEASE
2022-08-07 15:09:24 [main] INFO  o.s.d.e.support.VersionInfo - Version Elasticsearch Client in build: 7.6.2
2022-08-07 15:09:24 [main] INFO  o.s.d.e.support.VersionInfo - Version Elasticsearch Client used: 7.9.1
2022-08-07 15:09:24 [main] WARN  o.s.d.e.support.VersionInfo - Version mismatch in between Elasticsearch Clients build/use: 7.6.2 - 7.9.1
2022-08-07 15:09:27 [main] WARN  o.s.d.e.r.s.AbstractElasticsearchRepository - Cannot create index: Connection refused: no further information; nested exception is java.lang.RuntimeException: Connection refused: no further information
2022-08-07 15:09:28 [main] INFO  o.s.s.web.DefaultSecurityFilterChain - Creating filter chain: Ant [pattern='/api-docs'], []
2022-08-07 15:09:28 [main] INFO  o.s.s.web.DefaultSecurityFilterChain - Creating filter chain: any request, [org.springframework.security.web.context.request.async.WebAsyncManagerIntegrationFilter@578b2dec, org.springframework.security.web.context.SecurityContextPersistenceFilter@3ca278bc, org.springframework.security.web.header.HeaderWriterFilter@5c997de8, org.springframework.security.web.authentication.logout.LogoutFilter@eb91027, org.springframework.security.web.authentication.www.BasicAuthenticationFilter@4e85dcb2, org.springframework.security.web.savedrequest.RequestCacheAwareFilter@2acb1264, org.springframework.security.web.servletapi.SecurityContextHolderAwareRequestFilter@7c69e1e1, org.springframework.security.web.authentication.AnonymousAuthenticationFilter@66863941, org.springframework.security.web.session.SessionManagementFilter@4a890fdd, org.springframework.security.web.access.ExceptionTranslationFilter@25216999, org.springframework.security.web.access.intercept.FilterSecurityInterceptor@5f166f2e]
2022-08-07 15:09:28 [main] INFO  o.s.s.c.ThreadPoolTaskExecutor - Initializing ExecutorService 'applicationTaskExecutor'
2022-08-07 15:09:31 [main] INFO  o.a.coyote.http11.Http11NioProtocol - Starting ProtocolHandler ["http-nio-8998"]
2022-08-07 15:09:31 [main] INFO  o.s.b.w.e.tomcat.TomcatWebServer - Tomcat started on port(s): 8998 (http) with context path '/elasticsearch-query-service'
2022-08-07 15:09:31 [main] INFO  n.s.e.q.s.ElasticsearchQueryServiceApplication - Started ElasticsearchQueryServiceApplication in 23.331 seconds (JVM running for 25.261)
2022-08-07 15:15:17 [SpringContextShutdownHook] INFO  o.s.s.c.ThreadPoolTaskExecutor - Shutting down ExecutorService 'applicationTaskExecutor'
2022-08-07 15:18:58 [background-preinit] INFO  o.h.validator.internal.util.Version - HV000001: Hibernate Validator 6.1.5.Final
2022-08-07 15:19:01 [main] INFO  o.s.c.c.c.ConfigServicePropertySourceLocator - Fetching config from server at : http://localhost:8888
2022-08-07 15:19:04 [main] INFO  o.s.c.c.c.ConfigServicePropertySourceLocator - Located environment: name=elasticsearch-query-service,config-client, profiles=[elasticsearch_query], label=null, version=d5683ab153039b7f607e405b777bb4a7a7dc005b, state=null
2022-08-07 15:19:04 [main] INFO  o.s.c.b.c.PropertySourceBootstrapConfiguration - Located property source: [BootstrapPropertySource {name='bootstrapProperties-configClient'}, BootstrapPropertySource {name='bootstrapProperties-https://github.com/add-additional/config-server//config-client-elasticsearch_query.yml'}, BootstrapPropertySource {name='bootstrapProperties-https://github.com/add-additional/config-server//config-client.yml'}]
2022-08-07 15:19:04 [main] INFO  n.s.e.q.s.ElasticsearchQueryServiceApplication - The following profiles are active: elasticsearch_query
2022-08-07 15:19:06 [main] INFO  o.s.d.r.c.RepositoryConfigurationDelegate - Bootstrapping Spring Data Elasticsearch repositories in DEFAULT mode.
2022-08-07 15:19:06 [main] INFO  o.s.d.r.c.RepositoryConfigurationDelegate - Finished Spring Data repository scanning in 103ms. Found 1 Elasticsearch repository interfaces.
2022-08-07 15:19:06 [main] INFO  o.s.d.r.c.RepositoryConfigurationDelegate - Bootstrapping Spring Data Reactive Elasticsearch repositories in DEFAULT mode.
2022-08-07 15:19:06 [main] INFO  o.s.d.r.c.RepositoryConfigurationDelegate - Finished Spring Data repository scanning in 25ms. Found 0 Reactive Elasticsearch repository interfaces.
2022-08-07 15:19:07 [main] INFO  o.s.cloud.context.scope.GenericScope - BeanFactory id=563b4d6e-241e-32ef-9301-ac68c1328aca
2022-08-07 15:19:08 [main] INFO  o.s.b.w.e.tomcat.TomcatWebServer - Tomcat initialized with port(s): 8998 (http)
2022-08-07 15:19:08 [main] INFO  o.a.coyote.http11.Http11NioProtocol - Initializing ProtocolHandler ["http-nio-8998"]
2022-08-07 15:19:08 [main] INFO  o.a.catalina.core.StandardService - Starting service [Tomcat]
2022-08-07 15:19:08 [main] INFO  o.a.catalina.core.StandardEngine - Starting Servlet engine: [Apache Tomcat/9.0.38]
2022-08-07 15:19:09 [main] INFO  o.a.c.c.C.[.[.[/elasticsearch-query-service] - Initializing Spring embedded WebApplicationContext
2022-08-07 15:19:09 [main] INFO  o.s.b.w.s.c.ServletWebServerApplicationContext - Root WebApplicationContext: initialization completed in 4621 ms
2022-08-07 15:19:09 [main] WARN  o.s.data.convert.CustomConversions - Registering converter from class org.springframework.data.geo.Point to interface java.util.Map as writing converter although it doesn't convert to a store-supported type! You might want to check your annotation setup at the converter implementation.
2022-08-07 15:19:09 [main] WARN  o.s.data.convert.CustomConversions - Registering converter from interface java.util.Map to class org.springframework.data.geo.Point as reading converter although it doesn't convert from a store-supported type! You might want to check your annotation setup at the converter implementation.
2022-08-07 15:19:09 [main] WARN  o.s.data.convert.CustomConversions - Registering converter from class org.springframework.data.elasticsearch.core.geo.GeoPoint to interface java.util.Map as writing converter although it doesn't convert to a store-supported type! You might want to check your annotation setup at the converter implementation.
2022-08-07 15:19:09 [main] WARN  o.s.data.convert.CustomConversions - Registering converter from interface java.util.Map to class org.springframework.data.elasticsearch.core.geo.GeoPoint as reading converter although it doesn't convert from a store-supported type! You might want to check your annotation setup at the converter implementation.
2022-08-07 15:19:09 [main] WARN  o.s.data.convert.CustomConversions - Registering converter from class org.springframework.data.geo.Point to interface java.util.Map as writing converter although it doesn't convert to a store-supported type! You might want to check your annotation setup at the converter implementation.
2022-08-07 15:19:09 [main] WARN  o.s.data.convert.CustomConversions - Registering converter from interface java.util.Map to class org.springframework.data.geo.Point as reading converter although it doesn't convert from a store-supported type! You might want to check your annotation setup at the converter implementation.
2022-08-07 15:19:09 [main] WARN  o.s.data.convert.CustomConversions - Registering converter from class org.springframework.data.elasticsearch.core.geo.GeoPoint to interface java.util.Map as writing converter although it doesn't convert to a store-supported type! You might want to check your annotation setup at the converter implementation.
2022-08-07 15:19:09 [main] WARN  o.s.data.convert.CustomConversions - Registering converter from interface java.util.Map to class org.springframework.data.elasticsearch.core.geo.GeoPoint as reading converter although it doesn't convert from a store-supported type! You might want to check your annotation setup at the converter implementation.
2022-08-07 15:19:12 [main] INFO  o.s.d.e.support.VersionInfo - Version Spring Data Elasticsearch: 4.0.4.RELEASE
2022-08-07 15:19:12 [main] INFO  o.s.d.e.support.VersionInfo - Version Elasticsearch Client in build: 7.6.2
2022-08-07 15:19:12 [main] INFO  o.s.d.e.support.VersionInfo - Version Elasticsearch Client used: 7.9.1
2022-08-07 15:19:12 [main] WARN  o.s.d.e.support.VersionInfo - Version mismatch in between Elasticsearch Clients build/use: 7.6.2 - 7.9.1
2022-08-07 15:19:15 [main] WARN  o.s.d.e.r.s.AbstractElasticsearchRepository - Cannot create index: Connection refused: no further information; nested exception is java.lang.RuntimeException: Connection refused: no further information
2022-08-07 15:19:16 [main] INFO  o.s.s.web.DefaultSecurityFilterChain - Creating filter chain: Ant [pattern='/api-docs'], []
2022-08-07 15:19:16 [main] INFO  o.s.s.web.DefaultSecurityFilterChain - Creating filter chain: any request, [org.springframework.security.web.context.request.async.WebAsyncManagerIntegrationFilter@2d2a8819, org.springframework.security.web.context.SecurityContextPersistenceFilter@a7ae340, org.springframework.security.web.header.HeaderWriterFilter@58b3eb1, org.springframework.security.web.authentication.logout.LogoutFilter@6b4fd7d, org.springframework.security.web.authentication.www.BasicAuthenticationFilter@76eadc5a, org.springframework.security.web.savedrequest.RequestCacheAwareFilter@335972a5, org.springframework.security.web.servletapi.SecurityContextHolderAwareRequestFilter@11170228, org.springframework.security.web.authentication.AnonymousAuthenticationFilter@72585e83, org.springframework.security.web.session.SessionManagementFilter@e2c627e, org.springframework.security.web.access.ExceptionTranslationFilter@5358c8fa, org.springframework.security.web.access.intercept.FilterSecurityInterceptor@401b67a9]
2022-08-07 15:19:16 [main] INFO  o.s.s.c.ThreadPoolTaskExecutor - Initializing ExecutorService 'applicationTaskExecutor'
2022-08-07 15:19:20 [main] INFO  o.a.coyote.http11.Http11NioProtocol - Starting ProtocolHandler ["http-nio-8998"]
2022-08-07 15:19:20 [main] INFO  o.s.b.w.e.tomcat.TomcatWebServer - Tomcat started on port(s): 8998 (http) with context path '/elasticsearch-query-service'
2022-08-07 15:19:21 [main] INFO  n.s.e.q.s.ElasticsearchQueryServiceApplication - Started ElasticsearchQueryServiceApplication in 24.963 seconds (JVM running for 28.47)
2022-08-07 15:21:04 [SpringContextShutdownHook] INFO  o.s.s.c.ThreadPoolTaskExecutor - Shutting down ExecutorService 'applicationTaskExecutor'
