2022-08-11 20:09:02 [background-preinit] INFO  o.h.validator.internal.util.Version - HV000001: Hibernate Validator 6.1.5.Final
2022-08-11 20:09:09 [main] INFO  net.serg.ConfigServer - No active profile set, falling back to default profiles: default
2022-08-11 20:09:50 [main] INFO  o.s.cloud.context.scope.GenericScope - BeanFactory id=6a61b5a4-e4ee-3827-8063-10120a5746fc
2022-08-11 20:10:09 [main] INFO  o.s.b.w.e.tomcat.TomcatWebServer - Tomcat initialized with port(s): 8888 (http)
2022-08-11 20:10:09 [main] INFO  o.a.coyote.http11.Http11NioProtocol - Initializing ProtocolHandler ["http-nio-8888"]
2022-08-11 20:10:09 [main] INFO  o.a.catalina.core.StandardService - Starting service [Tomcat]
2022-08-11 20:10:09 [main] INFO  o.a.catalina.core.StandardEngine - Starting Servlet engine: [Apache Tomcat/9.0.38]
2022-08-11 20:10:11 [main] INFO  o.a.c.c.C.[Tomcat].[localhost].[/] - Initializing Spring embedded WebApplicationContext
2022-08-11 20:10:11 [main] INFO  o.s.b.w.s.c.ServletWebServerApplicationContext - Root WebApplicationContext: initialization completed in 62099 ms
2022-08-11 20:10:18 [main] INFO  o.s.s.c.ThreadPoolTaskExecutor - Initializing ExecutorService 'applicationTaskExecutor'
2022-08-11 20:10:26 [main] WARN  o.s.c.c.s.e.HttpClientConfigurableHttpConnectionFactory - No custom http config found for URL: https://github.com/add-additional/config-server/info/refs?service=git-upload-pack
2022-08-11 20:10:30 [main] WARN  o.s.c.c.s.e.HttpClientConfigurableHttpConnectionFactory - No custom http config found for URL: https://github.com/add-additional/config-server/git-upload-pack
2022-08-11 20:10:38 [main] INFO  o.s.s.web.DefaultSecurityFilterChain - Creating filter chain: Ant [pattern='/actuator/**'], []
2022-08-11 20:10:38 [main] INFO  o.s.s.web.DefaultSecurityFilterChain - Creating filter chain: Ant [pattern='/encrypt/**'], []
2022-08-11 20:10:38 [main] INFO  o.s.s.web.DefaultSecurityFilterChain - Creating filter chain: Ant [pattern='/decrypt/**'], []
2022-08-11 20:10:38 [main] INFO  o.s.s.web.DefaultSecurityFilterChain - Creating filter chain: any request, [org.springframework.security.web.context.request.async.WebAsyncManagerIntegrationFilter@26f480c6, org.springframework.security.web.context.SecurityContextPersistenceFilter@1ab9c735, org.springframework.security.web.header.HeaderWriterFilter@c87787d, org.springframework.security.web.csrf.CsrfFilter@3aca2579, org.springframework.security.web.authentication.logout.LogoutFilter@154f8280, org.springframework.security.web.authentication.UsernamePasswordAuthenticationFilter@6802d023, org.springframework.security.web.authentication.ui.DefaultLoginPageGeneratingFilter@3a1a0bc, org.springframework.security.web.authentication.ui.DefaultLogoutPageGeneratingFilter@2567c091, org.springframework.security.web.authentication.www.BasicAuthenticationFilter@775edae0, org.springframework.security.web.savedrequest.RequestCacheAwareFilter@464a3430, org.springframework.security.web.servletapi.SecurityContextHolderAwareRequestFilter@63d3c9dc, org.springframework.security.web.authentication.AnonymousAuthenticationFilter@7747cc1b, org.springframework.security.web.session.SessionManagementFilter@31433df9, org.springframework.security.web.access.ExceptionTranslationFilter@14b48f39, org.springframework.security.web.access.intercept.FilterSecurityInterceptor@3e8afc2d]
2022-08-11 20:10:38 [main] INFO  o.s.b.a.e.web.EndpointLinksResolver - Exposing 2 endpoint(s) beneath base path '/actuator'
2022-08-11 20:10:38 [main] INFO  o.a.coyote.http11.Http11NioProtocol - Starting ProtocolHandler ["http-nio-8888"]
2022-08-11 20:10:39 [main] INFO  o.s.b.w.e.tomcat.TomcatWebServer - Tomcat started on port(s): 8888 (http) with context path ''
2022-08-11 20:10:39 [main] INFO  net.serg.ConfigServer - Started ConfigServer in 106.846 seconds (JVM running for 114.446)
2022-08-11 20:11:59 [http-nio-8888-exec-1] INFO  o.a.c.c.C.[Tomcat].[localhost].[/] - Initializing Spring DispatcherServlet 'dispatcherServlet'
2022-08-11 20:11:59 [http-nio-8888-exec-1] INFO  o.s.web.servlet.DispatcherServlet - Initializing Servlet 'dispatcherServlet'
2022-08-11 20:11:59 [http-nio-8888-exec-1] INFO  o.s.web.servlet.DispatcherServlet - Completed initialization in 14 ms
2022-08-11 20:12:00 [http-nio-8888-exec-1] WARN  o.s.c.c.s.e.HttpClientConfigurableHttpConnectionFactory - No custom http config found for URL: https://github.com/add-additional/config-server/info/refs?service=git-upload-pack
2022-08-11 20:21:40 [http-nio-8888-exec-2] WARN  o.s.c.c.s.e.HttpClientConfigurableHttpConnectionFactory - No custom http config found for URL: https://github.com/add-additional/config-server/info/refs?service=git-upload-pack
2022-08-11 20:21:46 [http-nio-8888-exec-2] INFO  o.s.c.c.s.e.NativeEnvironmentRepository - Adding property source: file:/tmp/config-repo-5284039491887163764/config-client-elasticsearch_query.yml
2022-08-11 20:21:46 [http-nio-8888-exec-2] INFO  o.s.c.c.s.e.NativeEnvironmentRepository - Adding property source: file:/tmp/config-repo-5284039491887163764/config-client.yml
2022-08-11 20:22:04 [http-nio-8888-exec-3] WARN  o.s.c.c.s.e.HttpClientConfigurableHttpConnectionFactory - No custom http config found for URL: https://github.com/add-additional/config-server/info/refs?service=git-upload-pack
2022-08-11 20:22:05 [http-nio-8888-exec-3] INFO  o.s.c.c.s.e.NativeEnvironmentRepository - Adding property source: file:/tmp/config-repo-5284039491887163764/config-client-elasticsearch_query_web.yml
2022-08-11 20:22:05 [http-nio-8888-exec-3] INFO  o.s.c.c.s.e.NativeEnvironmentRepository - Adding property source: file:/tmp/config-repo-5284039491887163764/config-client.yml
