2022-08-06 19:17:19 [background-preinit] INFO  o.h.validator.internal.util.Version - HV000001: Hibernate Validator 6.1.5.Final
2022-08-06 19:17:21 [background-preinit] INFO  o.h.validator.internal.util.Version - HV000001: Hibernate Validator 6.1.5.Final
2022-08-06 19:17:22 [main] INFO  o.s.c.c.c.ConfigServicePropertySourceLocator - Fetching config from server at : http://config-server:8888
2022-08-06 19:17:25 [main] INFO  o.s.c.c.c.ConfigServicePropertySourceLocator - Fetching config from server at : http://config-server:8888
2022-08-06 19:17:25 [main] INFO  o.s.c.c.c.ConfigServicePropertySourceLocator - Located environment: name=elasticsearch-query-service,config-client, profiles=[elasticsearch_query], label=null, version=50a70a11cf6209214f64ef071a0ec9d817981a6b, state=null
2022-08-06 19:17:25 [main] INFO  o.s.c.b.c.PropertySourceBootstrapConfiguration - Located property source: [BootstrapPropertySource {name='bootstrapProperties-configClient'}, BootstrapPropertySource {name='bootstrapProperties-https://github.com/add-additional/config-server//config-client-elasticsearch_query.yml'}, BootstrapPropertySource {name='bootstrapProperties-https://github.com/add-additional/config-server//config-client.yml'}]
2022-08-06 19:17:26 [main] INFO  n.s.e.q.s.ElasticsearchQueryServiceApplication - The following profiles are active: elasticsearch_query
2022-08-06 19:17:28 [main] INFO  o.s.c.c.c.ConfigServicePropertySourceLocator - Located environment: name=elasticsearch-query-service,config-client, profiles=[elasticsearch_query], label=null, version=50a70a11cf6209214f64ef071a0ec9d817981a6b, state=null
2022-08-06 19:17:28 [main] INFO  o.s.c.b.c.PropertySourceBootstrapConfiguration - Located property source: [BootstrapPropertySource {name='bootstrapProperties-configClient'}, BootstrapPropertySource {name='bootstrapProperties-https://github.com/add-additional/config-server//config-client-elasticsearch_query.yml'}, BootstrapPropertySource {name='bootstrapProperties-https://github.com/add-additional/config-server//config-client.yml'}]
2022-08-06 19:17:29 [main] INFO  n.s.e.q.s.ElasticsearchQueryServiceApplication - The following profiles are active: elasticsearch_query
2022-08-06 19:17:32 [main] INFO  o.s.d.r.c.RepositoryConfigurationDelegate - Bootstrapping Spring Data Elasticsearch repositories in DEFAULT mode.
2022-08-06 19:17:32 [main] INFO  o.s.d.r.c.RepositoryConfigurationDelegate - Finished Spring Data repository scanning in 367ms. Found 1 Elasticsearch repository interfaces.
2022-08-06 19:17:32 [main] INFO  o.s.d.r.c.RepositoryConfigurationDelegate - Bootstrapping Spring Data Elasticsearch repositories in DEFAULT mode.
2022-08-06 19:17:33 [main] INFO  o.s.d.r.c.RepositoryConfigurationDelegate - Finished Spring Data repository scanning in 410ms. Found 1 Elasticsearch repository interfaces.
2022-08-06 19:17:33 [main] INFO  o.s.d.r.c.RepositoryConfigurationDelegate - Bootstrapping Spring Data Reactive Elasticsearch repositories in DEFAULT mode.
2022-08-06 19:17:33 [main] INFO  o.s.d.r.c.RepositoryConfigurationDelegate - Finished Spring Data repository scanning in 47ms. Found 0 Reactive Elasticsearch repository interfaces.
2022-08-06 19:17:34 [main] INFO  o.s.d.r.c.RepositoryConfigurationDelegate - Bootstrapping Spring Data Reactive Elasticsearch repositories in DEFAULT mode.
2022-08-06 19:17:34 [main] INFO  o.s.d.r.c.RepositoryConfigurationDelegate - Finished Spring Data repository scanning in 84ms. Found 0 Reactive Elasticsearch repository interfaces.
2022-08-06 19:17:35 [main] INFO  o.s.cloud.context.scope.GenericScope - BeanFactory id=642242ce-5346-33d9-ab2f-d7a21933f35e
2022-08-06 19:17:35 [main] INFO  o.s.cloud.context.scope.GenericScope - BeanFactory id=642242ce-5346-33d9-ab2f-d7a21933f35e
2022-08-06 19:17:37 [main] INFO  o.s.b.w.e.tomcat.TomcatWebServer - Tomcat initialized with port(s): 8185 (http)
2022-08-06 19:17:37 [main] INFO  o.s.b.w.e.tomcat.TomcatWebServer - Tomcat initialized with port(s): 8183 (http)
2022-08-06 19:17:37 [main] INFO  o.a.coyote.http11.Http11NioProtocol - Initializing ProtocolHandler ["http-nio-8183"]
2022-08-06 19:17:37 [main] INFO  o.a.catalina.core.StandardService - Starting service [Tomcat]
2022-08-06 19:17:37 [main] INFO  o.a.catalina.core.StandardEngine - Starting Servlet engine: [Apache Tomcat/9.0.38]
2022-08-06 19:17:37 [main] INFO  o.a.coyote.http11.Http11NioProtocol - Initializing ProtocolHandler ["http-nio-8185"]
2022-08-06 19:17:37 [main] INFO  o.a.catalina.core.StandardService - Starting service [Tomcat]
2022-08-06 19:17:37 [main] INFO  o.a.catalina.core.StandardEngine - Starting Servlet engine: [Apache Tomcat/9.0.38]
2022-08-06 19:17:37 [main] INFO  o.a.c.c.C.[.[.[/elasticsearch-query-service] - Initializing Spring embedded WebApplicationContext
2022-08-06 19:17:37 [main] INFO  o.s.b.w.s.c.ServletWebServerApplicationContext - Root WebApplicationContext: initialization completed in 8050 ms
2022-08-06 19:17:37 [main] INFO  o.a.c.c.C.[.[.[/elasticsearch-query-service] - Initializing Spring embedded WebApplicationContext
2022-08-06 19:17:37 [main] INFO  o.s.b.w.s.c.ServletWebServerApplicationContext - Root WebApplicationContext: initialization completed in 11641 ms
2022-08-06 19:17:38 [main] WARN  o.s.data.convert.CustomConversions - Registering converter from class org.springframework.data.geo.Point to interface java.util.Map as writing converter although it doesn't convert to a store-supported type! You might want to check your annotation setup at the converter implementation.
2022-08-06 19:17:38 [main] WARN  o.s.data.convert.CustomConversions - Registering converter from interface java.util.Map to class org.springframework.data.geo.Point as reading converter although it doesn't convert from a store-supported type! You might want to check your annotation setup at the converter implementation.
2022-08-06 19:17:38 [main] WARN  o.s.data.convert.CustomConversions - Registering converter from class org.springframework.data.elasticsearch.core.geo.GeoPoint to interface java.util.Map as writing converter although it doesn't convert to a store-supported type! You might want to check your annotation setup at the converter implementation.
2022-08-06 19:17:38 [main] WARN  o.s.data.convert.CustomConversions - Registering converter from interface java.util.Map to class org.springframework.data.elasticsearch.core.geo.GeoPoint as reading converter although it doesn't convert from a store-supported type! You might want to check your annotation setup at the converter implementation.
2022-08-06 19:17:38 [main] WARN  o.s.data.convert.CustomConversions - Registering converter from class org.springframework.data.geo.Point to interface java.util.Map as writing converter although it doesn't convert to a store-supported type! You might want to check your annotation setup at the converter implementation.
2022-08-06 19:17:38 [main] WARN  o.s.data.convert.CustomConversions - Registering converter from interface java.util.Map to class org.springframework.data.geo.Point as reading converter although it doesn't convert from a store-supported type! You might want to check your annotation setup at the converter implementation.
2022-08-06 19:17:38 [main] WARN  o.s.data.convert.CustomConversions - Registering converter from class org.springframework.data.elasticsearch.core.geo.GeoPoint to interface java.util.Map as writing converter although it doesn't convert to a store-supported type! You might want to check your annotation setup at the converter implementation.
2022-08-06 19:17:38 [main] WARN  o.s.data.convert.CustomConversions - Registering converter from class org.springframework.data.geo.Point to interface java.util.Map as writing converter although it doesn't convert to a store-supported type! You might want to check your annotation setup at the converter implementation.
2022-08-06 19:17:38 [main] WARN  o.s.data.convert.CustomConversions - Registering converter from interface java.util.Map to class org.springframework.data.geo.Point as reading converter although it doesn't convert from a store-supported type! You might want to check your annotation setup at the converter implementation.
2022-08-06 19:17:38 [main] WARN  o.s.data.convert.CustomConversions - Registering converter from interface java.util.Map to class org.springframework.data.elasticsearch.core.geo.GeoPoint as reading converter although it doesn't convert from a store-supported type! You might want to check your annotation setup at the converter implementation.
2022-08-06 19:17:38 [main] WARN  o.s.data.convert.CustomConversions - Registering converter from class org.springframework.data.elasticsearch.core.geo.GeoPoint to interface java.util.Map as writing converter although it doesn't convert to a store-supported type! You might want to check your annotation setup at the converter implementation.
2022-08-06 19:17:38 [main] WARN  o.s.data.convert.CustomConversions - Registering converter from interface java.util.Map to class org.springframework.data.elasticsearch.core.geo.GeoPoint as reading converter although it doesn't convert from a store-supported type! You might want to check your annotation setup at the converter implementation.
2022-08-06 19:17:38 [main] WARN  o.s.data.convert.CustomConversions - Registering converter from class org.springframework.data.geo.Point to interface java.util.Map as writing converter although it doesn't convert to a store-supported type! You might want to check your annotation setup at the converter implementation.
2022-08-06 19:17:38 [main] WARN  o.s.data.convert.CustomConversions - Registering converter from interface java.util.Map to class org.springframework.data.geo.Point as reading converter although it doesn't convert from a store-supported type! You might want to check your annotation setup at the converter implementation.
2022-08-06 19:17:38 [main] WARN  o.s.data.convert.CustomConversions - Registering converter from class org.springframework.data.elasticsearch.core.geo.GeoPoint to interface java.util.Map as writing converter although it doesn't convert to a store-supported type! You might want to check your annotation setup at the converter implementation.
2022-08-06 19:17:38 [main] WARN  o.s.data.convert.CustomConversions - Registering converter from interface java.util.Map to class org.springframework.data.elasticsearch.core.geo.GeoPoint as reading converter although it doesn't convert from a store-supported type! You might want to check your annotation setup at the converter implementation.
2022-08-06 19:17:41 [main] INFO  o.s.d.e.support.VersionInfo - Version Spring Data Elasticsearch: 4.0.4.RELEASE
2022-08-06 19:17:41 [main] INFO  o.s.d.e.support.VersionInfo - Version Elasticsearch Client in build: 7.6.2
2022-08-06 19:17:41 [main] INFO  o.s.d.e.support.VersionInfo - Version Elasticsearch Client used: 7.9.1
2022-08-06 19:17:41 [main] INFO  o.s.d.e.support.VersionInfo - Version Spring Data Elasticsearch: 4.0.4.RELEASE
2022-08-06 19:17:41 [main] WARN  o.s.d.e.support.VersionInfo - Version mismatch in between Elasticsearch Clients build/use: 7.6.2 - 7.9.1
2022-08-06 19:17:42 [main] INFO  o.s.d.e.support.VersionInfo - Version Elasticsearch cluster: 7.9.1
2022-08-06 19:17:42 [main] INFO  o.s.d.e.support.VersionInfo - Version Elasticsearch Client in build: 7.6.2
2022-08-06 19:17:42 [main] INFO  o.s.d.e.support.VersionInfo - Version Elasticsearch Client used: 7.9.1
2022-08-06 19:17:42 [main] WARN  o.s.d.e.support.VersionInfo - Version mismatch in between Elasticsearch Clients build/use: 7.6.2 - 7.9.1
2022-08-06 19:17:42 [main] INFO  o.s.d.e.support.VersionInfo - Version Elasticsearch cluster: 7.9.1
2022-08-06 19:17:44 [main] INFO  o.s.s.web.DefaultSecurityFilterChain - Creating filter chain: Ant [pattern='/api-docs'], []
2022-08-06 19:17:44 [main] INFO  o.s.s.web.DefaultSecurityFilterChain - Creating filter chain: Ant [pattern='/api-docs'], []
2022-08-06 19:17:44 [main] INFO  o.s.s.web.DefaultSecurityFilterChain - Creating filter chain: any request, [org.springframework.security.web.context.request.async.WebAsyncManagerIntegrationFilter@24de63b, org.springframework.security.web.context.SecurityContextPersistenceFilter@77d95e5a, org.springframework.security.web.header.HeaderWriterFilter@73ddb7ef, org.springframework.security.web.authentication.logout.LogoutFilter@5dd23809, org.springframework.security.web.authentication.www.BasicAuthenticationFilter@51869ad6, org.springframework.security.web.savedrequest.RequestCacheAwareFilter@4f8900b0, org.springframework.security.web.servletapi.SecurityContextHolderAwareRequestFilter@4f525e13, org.springframework.security.web.authentication.AnonymousAuthenticationFilter@42d0e41, org.springframework.security.web.session.SessionManagementFilter@42edde25, org.springframework.security.web.access.ExceptionTranslationFilter@5e95b0ab, org.springframework.security.web.access.intercept.FilterSecurityInterceptor@556aed22]
2022-08-06 19:17:44 [main] INFO  o.s.s.web.DefaultSecurityFilterChain - Creating filter chain: any request, [org.springframework.security.web.context.request.async.WebAsyncManagerIntegrationFilter@6785df10, org.springframework.security.web.context.SecurityContextPersistenceFilter@584136c1, org.springframework.security.web.header.HeaderWriterFilter@af9dd34, org.springframework.security.web.authentication.logout.LogoutFilter@2ecdcfe3, org.springframework.security.web.authentication.www.BasicAuthenticationFilter@3f80d8c, org.springframework.security.web.savedrequest.RequestCacheAwareFilter@3ea2f72e, org.springframework.security.web.servletapi.SecurityContextHolderAwareRequestFilter@60ab895f, org.springframework.security.web.authentication.AnonymousAuthenticationFilter@144440f5, org.springframework.security.web.session.SessionManagementFilter@72f3acc9, org.springframework.security.web.access.ExceptionTranslationFilter@4f525e13, org.springframework.security.web.access.intercept.FilterSecurityInterceptor@71beada8]
2022-08-06 19:17:45 [main] INFO  o.s.s.c.ThreadPoolTaskExecutor - Initializing ExecutorService 'applicationTaskExecutor'
2022-08-06 19:17:45 [main] INFO  o.s.s.c.ThreadPoolTaskExecutor - Initializing ExecutorService 'applicationTaskExecutor'
2022-08-06 19:17:54 [main] INFO  o.a.coyote.http11.Http11NioProtocol - Starting ProtocolHandler ["http-nio-8185"]
2022-08-06 19:17:54 [main] INFO  o.a.coyote.http11.Http11NioProtocol - Starting ProtocolHandler ["http-nio-8183"]
2022-08-06 19:17:54 [main] INFO  o.s.b.w.e.tomcat.TomcatWebServer - Tomcat started on port(s): 8185 (http) with context path '/elasticsearch-query-service'
2022-08-06 19:17:54 [main] INFO  n.s.e.q.s.ElasticsearchQueryServiceApplication - Started ElasticsearchQueryServiceApplication in 37.594 seconds (JVM running for 41.459)
2022-08-06 19:17:54 [main] INFO  o.s.b.w.e.tomcat.TomcatWebServer - Tomcat started on port(s): 8183 (http) with context path '/elasticsearch-query-service'
2022-08-06 19:17:54 [main] INFO  n.s.e.q.s.ElasticsearchQueryServiceApplication - Started ElasticsearchQueryServiceApplication in 35.847 seconds (JVM running for 38.903)
2022-08-06 19:42:59 [background-preinit] INFO  o.h.validator.internal.util.Version - HV000001: Hibernate Validator 6.1.5.Final
2022-08-06 19:43:01 [background-preinit] INFO  o.h.validator.internal.util.Version - HV000001: Hibernate Validator 6.1.5.Final
2022-08-06 19:43:06 [main] INFO  o.s.c.c.c.ConfigServicePropertySourceLocator - Fetching config from server at : http://config-server:8888
2022-08-06 19:43:06 [main] INFO  o.s.c.c.c.ConfigServicePropertySourceLocator - Fetching config from server at : http://config-server:8888
2022-08-06 19:43:09 [main] INFO  o.s.c.c.c.ConfigServicePropertySourceLocator - Located environment: name=elasticsearch-query-service,config-client, profiles=[elasticsearch_query], label=null, version=50a70a11cf6209214f64ef071a0ec9d817981a6b, state=null
2022-08-06 19:43:09 [main] INFO  o.s.c.b.c.PropertySourceBootstrapConfiguration - Located property source: [BootstrapPropertySource {name='bootstrapProperties-configClient'}, BootstrapPropertySource {name='bootstrapProperties-https://github.com/add-additional/config-server//config-client-elasticsearch_query.yml'}, BootstrapPropertySource {name='bootstrapProperties-https://github.com/add-additional/config-server//config-client.yml'}]
2022-08-06 19:43:09 [main] INFO  n.s.e.q.s.ElasticsearchQueryServiceApplication - The following profiles are active: elasticsearch_query
2022-08-06 19:43:10 [main] INFO  o.s.c.c.c.ConfigServicePropertySourceLocator - Located environment: name=elasticsearch-query-service,config-client, profiles=[elasticsearch_query], label=null, version=50a70a11cf6209214f64ef071a0ec9d817981a6b, state=null
2022-08-06 19:43:10 [main] INFO  o.s.c.b.c.PropertySourceBootstrapConfiguration - Located property source: [BootstrapPropertySource {name='bootstrapProperties-configClient'}, BootstrapPropertySource {name='bootstrapProperties-https://github.com/add-additional/config-server//config-client-elasticsearch_query.yml'}, BootstrapPropertySource {name='bootstrapProperties-https://github.com/add-additional/config-server//config-client.yml'}]
2022-08-06 19:43:11 [main] INFO  n.s.e.q.s.ElasticsearchQueryServiceApplication - The following profiles are active: elasticsearch_query
2022-08-06 19:43:14 [main] INFO  o.s.d.r.c.RepositoryConfigurationDelegate - Bootstrapping Spring Data Elasticsearch repositories in DEFAULT mode.
2022-08-06 19:43:15 [main] INFO  o.s.d.r.c.RepositoryConfigurationDelegate - Finished Spring Data repository scanning in 760ms. Found 1 Elasticsearch repository interfaces.
2022-08-06 19:43:16 [main] INFO  o.s.d.r.c.RepositoryConfigurationDelegate - Bootstrapping Spring Data Reactive Elasticsearch repositories in DEFAULT mode.
2022-08-06 19:43:16 [main] INFO  o.s.d.r.c.RepositoryConfigurationDelegate - Finished Spring Data repository scanning in 59ms. Found 0 Reactive Elasticsearch repository interfaces.
2022-08-06 19:43:18 [main] INFO  o.s.d.r.c.RepositoryConfigurationDelegate - Bootstrapping Spring Data Elasticsearch repositories in DEFAULT mode.
2022-08-06 19:43:18 [main] INFO  o.s.d.r.c.RepositoryConfigurationDelegate - Finished Spring Data repository scanning in 536ms. Found 1 Elasticsearch repository interfaces.
2022-08-06 19:43:19 [main] INFO  o.s.cloud.context.scope.GenericScope - BeanFactory id=642242ce-5346-33d9-ab2f-d7a21933f35e
2022-08-06 19:43:20 [main] INFO  o.s.d.r.c.RepositoryConfigurationDelegate - Bootstrapping Spring Data Reactive Elasticsearch repositories in DEFAULT mode.
2022-08-06 19:43:21 [main] INFO  o.s.d.r.c.RepositoryConfigurationDelegate - Finished Spring Data repository scanning in 121ms. Found 0 Reactive Elasticsearch repository interfaces.
2022-08-06 19:43:23 [main] INFO  o.s.b.w.e.tomcat.TomcatWebServer - Tomcat initialized with port(s): 8183 (http)
2022-08-06 19:43:23 [main] INFO  o.a.coyote.http11.Http11NioProtocol - Initializing ProtocolHandler ["http-nio-8183"]
2022-08-06 19:43:23 [main] INFO  o.a.catalina.core.StandardService - Starting service [Tomcat]
2022-08-06 19:43:23 [main] INFO  o.a.catalina.core.StandardEngine - Starting Servlet engine: [Apache Tomcat/9.0.38]
2022-08-06 19:43:23 [main] INFO  o.a.c.c.C.[.[.[/elasticsearch-query-service] - Initializing Spring embedded WebApplicationContext
2022-08-06 19:43:23 [main] INFO  o.s.b.w.s.c.ServletWebServerApplicationContext - Root WebApplicationContext: initialization completed in 14114 ms
2022-08-06 19:43:24 [main] INFO  o.s.cloud.context.scope.GenericScope - BeanFactory id=642242ce-5346-33d9-ab2f-d7a21933f35e
2022-08-06 19:43:25 [main] WARN  o.s.data.convert.CustomConversions - Registering converter from class org.springframework.data.geo.Point to interface java.util.Map as writing converter although it doesn't convert to a store-supported type! You might want to check your annotation setup at the converter implementation.
2022-08-06 19:43:25 [main] WARN  o.s.data.convert.CustomConversions - Registering converter from interface java.util.Map to class org.springframework.data.geo.Point as reading converter although it doesn't convert from a store-supported type! You might want to check your annotation setup at the converter implementation.
2022-08-06 19:43:25 [main] WARN  o.s.data.convert.CustomConversions - Registering converter from class org.springframework.data.elasticsearch.core.geo.GeoPoint to interface java.util.Map as writing converter although it doesn't convert to a store-supported type! You might want to check your annotation setup at the converter implementation.
2022-08-06 19:43:25 [main] WARN  o.s.data.convert.CustomConversions - Registering converter from interface java.util.Map to class org.springframework.data.elasticsearch.core.geo.GeoPoint as reading converter although it doesn't convert from a store-supported type! You might want to check your annotation setup at the converter implementation.
2022-08-06 19:43:25 [main] WARN  o.s.data.convert.CustomConversions - Registering converter from class org.springframework.data.geo.Point to interface java.util.Map as writing converter although it doesn't convert to a store-supported type! You might want to check your annotation setup at the converter implementation.
2022-08-06 19:43:25 [main] WARN  o.s.data.convert.CustomConversions - Registering converter from interface java.util.Map to class org.springframework.data.geo.Point as reading converter although it doesn't convert from a store-supported type! You might want to check your annotation setup at the converter implementation.
2022-08-06 19:43:25 [main] WARN  o.s.data.convert.CustomConversions - Registering converter from class org.springframework.data.elasticsearch.core.geo.GeoPoint to interface java.util.Map as writing converter although it doesn't convert to a store-supported type! You might want to check your annotation setup at the converter implementation.
2022-08-06 19:43:25 [main] WARN  o.s.data.convert.CustomConversions - Registering converter from interface java.util.Map to class org.springframework.data.elasticsearch.core.geo.GeoPoint as reading converter although it doesn't convert from a store-supported type! You might want to check your annotation setup at the converter implementation.
2022-08-06 19:43:26 [main] INFO  o.s.b.w.e.tomcat.TomcatWebServer - Tomcat initialized with port(s): 8185 (http)
2022-08-06 19:43:26 [main] INFO  o.a.coyote.http11.Http11NioProtocol - Initializing ProtocolHandler ["http-nio-8185"]
2022-08-06 19:43:26 [main] INFO  o.a.catalina.core.StandardService - Starting service [Tomcat]
2022-08-06 19:43:26 [main] INFO  o.a.catalina.core.StandardEngine - Starting Servlet engine: [Apache Tomcat/9.0.38]
2022-08-06 19:43:27 [main] INFO  o.a.c.c.C.[.[.[/elasticsearch-query-service] - Initializing Spring embedded WebApplicationContext
2022-08-06 19:43:27 [main] INFO  o.s.b.w.s.c.ServletWebServerApplicationContext - Root WebApplicationContext: initialization completed in 15598 ms
2022-08-06 19:43:29 [main] WARN  o.s.data.convert.CustomConversions - Registering converter from class org.springframework.data.geo.Point to interface java.util.Map as writing converter although it doesn't convert to a store-supported type! You might want to check your annotation setup at the converter implementation.
2022-08-06 19:43:29 [main] WARN  o.s.data.convert.CustomConversions - Registering converter from interface java.util.Map to class org.springframework.data.geo.Point as reading converter although it doesn't convert from a store-supported type! You might want to check your annotation setup at the converter implementation.
2022-08-06 19:43:29 [main] WARN  o.s.data.convert.CustomConversions - Registering converter from class org.springframework.data.elasticsearch.core.geo.GeoPoint to interface java.util.Map as writing converter although it doesn't convert to a store-supported type! You might want to check your annotation setup at the converter implementation.
2022-08-06 19:43:29 [main] WARN  o.s.data.convert.CustomConversions - Registering converter from interface java.util.Map to class org.springframework.data.elasticsearch.core.geo.GeoPoint as reading converter although it doesn't convert from a store-supported type! You might want to check your annotation setup at the converter implementation.
2022-08-06 19:43:29 [main] WARN  o.s.data.convert.CustomConversions - Registering converter from class org.springframework.data.geo.Point to interface java.util.Map as writing converter although it doesn't convert to a store-supported type! You might want to check your annotation setup at the converter implementation.
2022-08-06 19:43:29 [main] WARN  o.s.data.convert.CustomConversions - Registering converter from interface java.util.Map to class org.springframework.data.geo.Point as reading converter although it doesn't convert from a store-supported type! You might want to check your annotation setup at the converter implementation.
2022-08-06 19:43:29 [main] WARN  o.s.data.convert.CustomConversions - Registering converter from class org.springframework.data.elasticsearch.core.geo.GeoPoint to interface java.util.Map as writing converter although it doesn't convert to a store-supported type! You might want to check your annotation setup at the converter implementation.
2022-08-06 19:43:29 [main] WARN  o.s.data.convert.CustomConversions - Registering converter from interface java.util.Map to class org.springframework.data.elasticsearch.core.geo.GeoPoint as reading converter although it doesn't convert from a store-supported type! You might want to check your annotation setup at the converter implementation.
2022-08-06 19:43:29 [main] INFO  o.s.d.e.support.VersionInfo - Version Spring Data Elasticsearch: 4.0.4.RELEASE
2022-08-06 19:43:29 [main] INFO  o.s.d.e.support.VersionInfo - Version Elasticsearch Client in build: 7.6.2
2022-08-06 19:43:29 [main] INFO  o.s.d.e.support.VersionInfo - Version Elasticsearch Client used: 7.9.1
2022-08-06 19:43:29 [main] WARN  o.s.d.e.support.VersionInfo - Version mismatch in between Elasticsearch Clients build/use: 7.6.2 - 7.9.1
2022-08-06 19:43:29 [main] INFO  o.s.d.e.support.VersionInfo - Version Elasticsearch cluster: 7.9.1
2022-08-06 19:43:33 [main] INFO  o.s.d.e.support.VersionInfo - Version Spring Data Elasticsearch: 4.0.4.RELEASE
2022-08-06 19:43:33 [main] INFO  o.s.d.e.support.VersionInfo - Version Elasticsearch Client in build: 7.6.2
2022-08-06 19:43:33 [main] INFO  o.s.d.e.support.VersionInfo - Version Elasticsearch Client used: 7.9.1
2022-08-06 19:43:33 [main] WARN  o.s.d.e.support.VersionInfo - Version mismatch in between Elasticsearch Clients build/use: 7.6.2 - 7.9.1
2022-08-06 19:43:33 [main] INFO  o.s.d.e.support.VersionInfo - Version Elasticsearch cluster: 7.9.1
2022-08-06 19:43:34 [main] INFO  o.s.s.web.DefaultSecurityFilterChain - Creating filter chain: Ant [pattern='/api-docs'], []
2022-08-06 19:43:34 [main] INFO  o.s.s.web.DefaultSecurityFilterChain - Creating filter chain: any request, [org.springframework.security.web.context.request.async.WebAsyncManagerIntegrationFilter@42d0e41, org.springframework.security.web.context.SecurityContextPersistenceFilter@6339e604, org.springframework.security.web.header.HeaderWriterFilter@67f8f5a6, org.springframework.security.web.authentication.logout.LogoutFilter@664f49f, org.springframework.security.web.authentication.www.BasicAuthenticationFilter@27a90ce5, org.springframework.security.web.savedrequest.RequestCacheAwareFilter@e7e455d, org.springframework.security.web.servletapi.SecurityContextHolderAwareRequestFilter@5d404a3c, org.springframework.security.web.authentication.AnonymousAuthenticationFilter@50f05307, org.springframework.security.web.session.SessionManagementFilter@6fe5da76, org.springframework.security.web.access.ExceptionTranslationFilter@5876bed9, org.springframework.security.web.access.intercept.FilterSecurityInterceptor@57a982f9]
2022-08-06 19:43:35 [main] INFO  o.s.s.c.ThreadPoolTaskExecutor - Initializing ExecutorService 'applicationTaskExecutor'
2022-08-06 19:43:38 [main] INFO  o.s.s.web.DefaultSecurityFilterChain - Creating filter chain: Ant [pattern='/api-docs'], []
2022-08-06 19:43:38 [main] INFO  o.s.s.web.DefaultSecurityFilterChain - Creating filter chain: any request, [org.springframework.security.web.context.request.async.WebAsyncManagerIntegrationFilter@d6d683e, org.springframework.security.web.context.SecurityContextPersistenceFilter@283bb8b7, org.springframework.security.web.header.HeaderWriterFilter@33e8e146, org.springframework.security.web.authentication.logout.LogoutFilter@2c15034f, org.springframework.security.web.authentication.www.BasicAuthenticationFilter@5b6cc344, org.springframework.security.web.savedrequest.RequestCacheAwareFilter@4fa8297b, org.springframework.security.web.servletapi.SecurityContextHolderAwareRequestFilter@3ea2f72e, org.springframework.security.web.authentication.AnonymousAuthenticationFilter@42cfd794, org.springframework.security.web.session.SessionManagementFilter@e8c84eb, org.springframework.security.web.access.ExceptionTranslationFilter@4f8900b0, org.springframework.security.web.access.intercept.FilterSecurityInterceptor@707f4647]
2022-08-06 19:43:39 [main] INFO  o.s.s.c.ThreadPoolTaskExecutor - Initializing ExecutorService 'applicationTaskExecutor'
2022-08-06 19:43:47 [main] INFO  o.a.coyote.http11.Http11NioProtocol - Starting ProtocolHandler ["http-nio-8183"]
2022-08-06 19:43:47 [main] INFO  o.s.b.w.e.tomcat.TomcatWebServer - Tomcat started on port(s): 8183 (http) with context path '/elasticsearch-query-service'
2022-08-06 19:43:47 [main] INFO  n.s.e.q.s.ElasticsearchQueryServiceApplication - Started ElasticsearchQueryServiceApplication in 53.112 seconds (JVM running for 58.228)
2022-08-06 19:43:50 [main] INFO  o.a.coyote.http11.Http11NioProtocol - Starting ProtocolHandler ["http-nio-8185"]
2022-08-06 19:43:50 [main] INFO  o.s.b.w.e.tomcat.TomcatWebServer - Tomcat started on port(s): 8185 (http) with context path '/elasticsearch-query-service'
2022-08-06 19:43:50 [main] INFO  n.s.e.q.s.ElasticsearchQueryServiceApplication - Started ElasticsearchQueryServiceApplication in 54.376 seconds (JVM running for 61.279)
2022-08-06 20:47:47 [background-preinit] INFO  o.h.validator.internal.util.Version - HV000001: Hibernate Validator 6.1.5.Final
2022-08-06 20:47:47 [background-preinit] INFO  o.h.validator.internal.util.Version - HV000001: Hibernate Validator 6.1.5.Final
2022-08-06 20:47:51 [main] INFO  o.s.c.c.c.ConfigServicePropertySourceLocator - Fetching config from server at : http://config-server:8888
2022-08-06 20:47:51 [main] INFO  o.s.c.c.c.ConfigServicePropertySourceLocator - Fetching config from server at : http://config-server:8888
2022-08-06 20:47:53 [main] INFO  o.s.c.c.c.ConfigServicePropertySourceLocator - Located environment: name=elasticsearch-query-service,config-client, profiles=[elasticsearch_query], label=null, version=d5683ab153039b7f607e405b777bb4a7a7dc005b, state=null
2022-08-06 20:47:53 [main] INFO  o.s.c.b.c.PropertySourceBootstrapConfiguration - Located property source: [BootstrapPropertySource {name='bootstrapProperties-configClient'}, BootstrapPropertySource {name='bootstrapProperties-https://github.com/add-additional/config-server//config-client-elasticsearch_query.yml'}, BootstrapPropertySource {name='bootstrapProperties-https://github.com/add-additional/config-server//config-client.yml'}]
2022-08-06 20:47:53 [main] INFO  n.s.e.q.s.ElasticsearchQueryServiceApplication - The following profiles are active: elasticsearch_query
2022-08-06 20:47:54 [main] INFO  o.s.c.c.c.ConfigServicePropertySourceLocator - Located environment: name=elasticsearch-query-service,config-client, profiles=[elasticsearch_query], label=null, version=d5683ab153039b7f607e405b777bb4a7a7dc005b, state=null
2022-08-06 20:47:54 [main] INFO  o.s.c.b.c.PropertySourceBootstrapConfiguration - Located property source: [BootstrapPropertySource {name='bootstrapProperties-configClient'}, BootstrapPropertySource {name='bootstrapProperties-https://github.com/add-additional/config-server//config-client-elasticsearch_query.yml'}, BootstrapPropertySource {name='bootstrapProperties-https://github.com/add-additional/config-server//config-client.yml'}]
2022-08-06 20:47:54 [main] INFO  n.s.e.q.s.ElasticsearchQueryServiceApplication - The following profiles are active: elasticsearch_query
2022-08-06 20:47:57 [main] INFO  o.s.d.r.c.RepositoryConfigurationDelegate - Bootstrapping Spring Data Elasticsearch repositories in DEFAULT mode.
2022-08-06 20:47:57 [main] INFO  o.s.d.r.c.RepositoryConfigurationDelegate - Finished Spring Data repository scanning in 227ms. Found 1 Elasticsearch repository interfaces.
2022-08-06 20:47:58 [main] INFO  o.s.d.r.c.RepositoryConfigurationDelegate - Bootstrapping Spring Data Elasticsearch repositories in DEFAULT mode.
2022-08-06 20:47:59 [main] INFO  o.s.d.r.c.RepositoryConfigurationDelegate - Finished Spring Data repository scanning in 338ms. Found 1 Elasticsearch repository interfaces.
2022-08-06 20:47:59 [main] INFO  o.s.d.r.c.RepositoryConfigurationDelegate - Bootstrapping Spring Data Reactive Elasticsearch repositories in DEFAULT mode.
2022-08-06 20:47:59 [main] INFO  o.s.d.r.c.RepositoryConfigurationDelegate - Finished Spring Data repository scanning in 55ms. Found 0 Reactive Elasticsearch repository interfaces.
2022-08-06 20:48:00 [main] INFO  o.s.d.r.c.RepositoryConfigurationDelegate - Bootstrapping Spring Data Reactive Elasticsearch repositories in DEFAULT mode.
2022-08-06 20:48:00 [main] INFO  o.s.d.r.c.RepositoryConfigurationDelegate - Finished Spring Data repository scanning in 66ms. Found 0 Reactive Elasticsearch repository interfaces.
2022-08-06 20:48:00 [main] INFO  o.s.cloud.context.scope.GenericScope - BeanFactory id=642242ce-5346-33d9-ab2f-d7a21933f35e
2022-08-06 20:48:01 [main] INFO  o.s.cloud.context.scope.GenericScope - BeanFactory id=642242ce-5346-33d9-ab2f-d7a21933f35e
2022-08-06 20:48:02 [main] INFO  o.s.b.w.e.tomcat.TomcatWebServer - Tomcat initialized with port(s): 8185 (http)
2022-08-06 20:48:02 [main] INFO  o.a.coyote.http11.Http11NioProtocol - Initializing ProtocolHandler ["http-nio-8185"]
2022-08-06 20:48:02 [main] INFO  o.a.catalina.core.StandardService - Starting service [Tomcat]
2022-08-06 20:48:02 [main] INFO  o.a.catalina.core.StandardEngine - Starting Servlet engine: [Apache Tomcat/9.0.38]
2022-08-06 20:48:02 [main] INFO  o.a.c.c.C.[.[.[/elasticsearch-query-service] - Initializing Spring embedded WebApplicationContext
2022-08-06 20:48:02 [main] INFO  o.s.b.w.s.c.ServletWebServerApplicationContext - Root WebApplicationContext: initialization completed in 8593 ms
2022-08-06 20:48:02 [main] WARN  o.s.data.convert.CustomConversions - Registering converter from class org.springframework.data.geo.Point to interface java.util.Map as writing converter although it doesn't convert to a store-supported type! You might want to check your annotation setup at the converter implementation.
2022-08-06 20:48:02 [main] WARN  o.s.data.convert.CustomConversions - Registering converter from interface java.util.Map to class org.springframework.data.geo.Point as reading converter although it doesn't convert from a store-supported type! You might want to check your annotation setup at the converter implementation.
2022-08-06 20:48:02 [main] WARN  o.s.data.convert.CustomConversions - Registering converter from class org.springframework.data.elasticsearch.core.geo.GeoPoint to interface java.util.Map as writing converter although it doesn't convert to a store-supported type! You might want to check your annotation setup at the converter implementation.
2022-08-06 20:48:02 [main] WARN  o.s.data.convert.CustomConversions - Registering converter from interface java.util.Map to class org.springframework.data.elasticsearch.core.geo.GeoPoint as reading converter although it doesn't convert from a store-supported type! You might want to check your annotation setup at the converter implementation.
2022-08-06 20:48:03 [main] WARN  o.s.data.convert.CustomConversions - Registering converter from class org.springframework.data.geo.Point to interface java.util.Map as writing converter although it doesn't convert to a store-supported type! You might want to check your annotation setup at the converter implementation.
2022-08-06 20:48:03 [main] WARN  o.s.data.convert.CustomConversions - Registering converter from interface java.util.Map to class org.springframework.data.geo.Point as reading converter although it doesn't convert from a store-supported type! You might want to check your annotation setup at the converter implementation.
2022-08-06 20:48:03 [main] WARN  o.s.data.convert.CustomConversions - Registering converter from class org.springframework.data.elasticsearch.core.geo.GeoPoint to interface java.util.Map as writing converter although it doesn't convert to a store-supported type! You might want to check your annotation setup at the converter implementation.
2022-08-06 20:48:03 [main] INFO  o.s.b.w.e.tomcat.TomcatWebServer - Tomcat initialized with port(s): 8183 (http)
2022-08-06 20:48:03 [main] WARN  o.s.data.convert.CustomConversions - Registering converter from interface java.util.Map to class org.springframework.data.elasticsearch.core.geo.GeoPoint as reading converter although it doesn't convert from a store-supported type! You might want to check your annotation setup at the converter implementation.
2022-08-06 20:48:03 [main] INFO  o.a.coyote.http11.Http11NioProtocol - Initializing ProtocolHandler ["http-nio-8183"]
2022-08-06 20:48:03 [main] INFO  o.a.catalina.core.StandardService - Starting service [Tomcat]
2022-08-06 20:48:03 [main] INFO  o.a.catalina.core.StandardEngine - Starting Servlet engine: [Apache Tomcat/9.0.38]
2022-08-06 20:48:03 [main] INFO  o.a.c.c.C.[.[.[/elasticsearch-query-service] - Initializing Spring embedded WebApplicationContext
2022-08-06 20:48:03 [main] INFO  o.s.b.w.s.c.ServletWebServerApplicationContext - Root WebApplicationContext: initialization completed in 8717 ms
2022-08-06 20:48:04 [main] WARN  o.s.data.convert.CustomConversions - Registering converter from class org.springframework.data.geo.Point to interface java.util.Map as writing converter although it doesn't convert to a store-supported type! You might want to check your annotation setup at the converter implementation.
2022-08-06 20:48:04 [main] WARN  o.s.data.convert.CustomConversions - Registering converter from interface java.util.Map to class org.springframework.data.geo.Point as reading converter although it doesn't convert from a store-supported type! You might want to check your annotation setup at the converter implementation.
2022-08-06 20:48:04 [main] WARN  o.s.data.convert.CustomConversions - Registering converter from class org.springframework.data.elasticsearch.core.geo.GeoPoint to interface java.util.Map as writing converter although it doesn't convert to a store-supported type! You might want to check your annotation setup at the converter implementation.
2022-08-06 20:48:04 [main] WARN  o.s.data.convert.CustomConversions - Registering converter from interface java.util.Map to class org.springframework.data.elasticsearch.core.geo.GeoPoint as reading converter although it doesn't convert from a store-supported type! You might want to check your annotation setup at the converter implementation.
2022-08-06 20:48:04 [main] WARN  o.s.data.convert.CustomConversions - Registering converter from class org.springframework.data.geo.Point to interface java.util.Map as writing converter although it doesn't convert to a store-supported type! You might want to check your annotation setup at the converter implementation.
2022-08-06 20:48:04 [main] WARN  o.s.data.convert.CustomConversions - Registering converter from interface java.util.Map to class org.springframework.data.geo.Point as reading converter although it doesn't convert from a store-supported type! You might want to check your annotation setup at the converter implementation.
2022-08-06 20:48:04 [main] WARN  o.s.data.convert.CustomConversions - Registering converter from class org.springframework.data.elasticsearch.core.geo.GeoPoint to interface java.util.Map as writing converter although it doesn't convert to a store-supported type! You might want to check your annotation setup at the converter implementation.
2022-08-06 20:48:04 [main] WARN  o.s.data.convert.CustomConversions - Registering converter from interface java.util.Map to class org.springframework.data.elasticsearch.core.geo.GeoPoint as reading converter although it doesn't convert from a store-supported type! You might want to check your annotation setup at the converter implementation.
2022-08-06 20:48:05 [main] INFO  o.s.d.e.support.VersionInfo - Version Spring Data Elasticsearch: 4.0.4.RELEASE
2022-08-06 20:48:05 [main] INFO  o.s.d.e.support.VersionInfo - Version Elasticsearch Client in build: 7.6.2
2022-08-06 20:48:05 [main] INFO  o.s.d.e.support.VersionInfo - Version Elasticsearch Client used: 7.9.1
2022-08-06 20:48:05 [main] WARN  o.s.d.e.support.VersionInfo - Version mismatch in between Elasticsearch Clients build/use: 7.6.2 - 7.9.1
2022-08-06 20:48:06 [main] INFO  o.s.d.e.support.VersionInfo - Version Spring Data Elasticsearch: 4.0.4.RELEASE
2022-08-06 20:48:06 [main] INFO  o.s.d.e.support.VersionInfo - Version Elasticsearch Client in build: 7.6.2
2022-08-06 20:48:06 [main] INFO  o.s.d.e.support.VersionInfo - Version Elasticsearch Client used: 7.9.1
2022-08-06 20:48:06 [main] WARN  o.s.d.e.support.VersionInfo - Version mismatch in between Elasticsearch Clients build/use: 7.6.2 - 7.9.1
2022-08-06 20:48:07 [main] WARN  o.s.d.e.r.s.AbstractElasticsearchRepository - Cannot create index: Connection refused; nested exception is java.lang.RuntimeException: Connection refused
2022-08-06 20:48:07 [main] WARN  o.s.d.e.r.s.AbstractElasticsearchRepository - Cannot create index: Connection refused; nested exception is java.lang.RuntimeException: Connection refused
2022-08-06 20:48:08 [main] INFO  o.s.s.web.DefaultSecurityFilterChain - Creating filter chain: Ant [pattern='/api-docs'], []
2022-08-06 20:48:08 [main] INFO  o.s.s.web.DefaultSecurityFilterChain - Creating filter chain: any request, [org.springframework.security.web.context.request.async.WebAsyncManagerIntegrationFilter@6fbc7853, org.springframework.security.web.context.SecurityContextPersistenceFilter@2591d23a, org.springframework.security.web.header.HeaderWriterFilter@3bc891f2, org.springframework.security.web.authentication.logout.LogoutFilter@e8c84eb, org.springframework.security.web.authentication.www.BasicAuthenticationFilter@615ef20, org.springframework.security.web.savedrequest.RequestCacheAwareFilter@5e95b0ab, org.springframework.security.web.servletapi.SecurityContextHolderAwareRequestFilter@ba0018e, org.springframework.security.web.authentication.AnonymousAuthenticationFilter@733fa95c, org.springframework.security.web.session.SessionManagementFilter@4bff28e7, org.springframework.security.web.access.ExceptionTranslationFilter@6124dda2, org.springframework.security.web.access.intercept.FilterSecurityInterceptor@57b130f6]
2022-08-06 20:48:09 [main] INFO  o.s.s.web.DefaultSecurityFilterChain - Creating filter chain: Ant [pattern='/api-docs'], []
2022-08-06 20:48:09 [main] INFO  o.s.s.c.ThreadPoolTaskExecutor - Initializing ExecutorService 'applicationTaskExecutor'
2022-08-06 20:48:11 [main] INFO  o.s.s.web.DefaultSecurityFilterChain - Creating filter chain: any request, [org.springframework.security.web.context.request.async.WebAsyncManagerIntegrationFilter@2c0fefac, org.springframework.security.web.context.SecurityContextPersistenceFilter@39e7e040, org.springframework.security.web.header.HeaderWriterFilter@380e33c2, org.springframework.security.web.authentication.logout.LogoutFilter@4a58e0e9, org.springframework.security.web.authentication.www.BasicAuthenticationFilter@57b33c29, org.springframework.security.web.savedrequest.RequestCacheAwareFilter@6c1f15df, org.springframework.security.web.servletapi.SecurityContextHolderAwareRequestFilter@47ffdbba, org.springframework.security.web.authentication.AnonymousAuthenticationFilter@6fbc7853, org.springframework.security.web.session.SessionManagementFilter@65259c53, org.springframework.security.web.access.ExceptionTranslationFilter@54556723, org.springframework.security.web.access.intercept.FilterSecurityInterceptor@30bbe83]
2022-08-06 20:48:12 [main] INFO  o.s.s.c.ThreadPoolTaskExecutor - Initializing ExecutorService 'applicationTaskExecutor'
2022-08-06 20:48:16 [main] INFO  o.a.coyote.http11.Http11NioProtocol - Starting ProtocolHandler ["http-nio-8183"]
2022-08-06 20:48:16 [main] INFO  o.s.b.w.e.tomcat.TomcatWebServer - Tomcat started on port(s): 8183 (http) with context path '/elasticsearch-query-service'
2022-08-06 20:48:16 [main] INFO  n.s.e.q.s.ElasticsearchQueryServiceApplication - Started ElasticsearchQueryServiceApplication in 31.739 seconds (JVM running for 35.113)
2022-08-06 20:48:16 [main] INFO  o.a.coyote.http11.Http11NioProtocol - Starting ProtocolHandler ["http-nio-8185"]
2022-08-06 20:48:16 [main] INFO  o.s.b.w.e.tomcat.TomcatWebServer - Tomcat started on port(s): 8185 (http) with context path '/elasticsearch-query-service'
2022-08-06 20:48:17 [main] INFO  n.s.e.q.s.ElasticsearchQueryServiceApplication - Started ElasticsearchQueryServiceApplication in 31.931 seconds (JVM running for 35.352)
2022-08-06 20:50:22 [http-nio-8185-exec-1] INFO  o.a.c.c.C.[.[.[/elasticsearch-query-service] - Initializing Spring DispatcherServlet 'dispatcherServlet'
2022-08-06 20:50:22 [http-nio-8185-exec-1] INFO  o.s.web.servlet.DispatcherServlet - Initializing Servlet 'dispatcherServlet'
2022-08-06 20:50:22 [http-nio-8185-exec-1] INFO  o.s.web.servlet.DispatcherServlet - Completed initialization in 21 ms
2022-08-06 20:50:23 [http-nio-8185-exec-1] INFO  n.s.e.q.s.b.i.TwitterElasticsearchQueryService - Querying elasticsearch by text java
2022-08-06 20:50:23 [http-nio-8185-exec-1] ERROR n.s.e.q.s.c.e.h.ElasticsearchQueryServiceErrorHandler - Illegal argument exception!
java.lang.IllegalArgumentException: [match] requires fieldName
	at org.elasticsearch.index.query.MatchQueryBuilder.<init>(MatchQueryBuilder.java:108)
	at org.elasticsearch.index.query.QueryBuilders.matchQuery(QueryBuilders.java:62)
	at net.serg.elasticsearch.util.ElasticsearchQueryUtil.getSearchQueryByFieldText(ElasticsearchQueryUtil.java:24)
	at net.serg.elasticsearch.service.impl.TwitterElasticsearchQueryClient.getIndexModelByText(TwitterElasticsearchQueryClient.java:59)
	at net.serg.elasticsearch.query.service.business.impl.TwitterElasticsearchQueryService.getDocumentByText(TwitterElasticsearchQueryService.java:38)
	at net.serg.elasticsearch.query.service.controller.ElasticsearchDocumentController.getDocumentByText(ElasticsearchDocumentController.java:106)
	at java.base/jdk.internal.reflect.NativeMethodAccessorImpl.invoke0(Native Method)
	at java.base/jdk.internal.reflect.NativeMethodAccessorImpl.invoke(Unknown Source)
	at java.base/jdk.internal.reflect.DelegatingMethodAccessorImpl.invoke(Unknown Source)
	at java.base/java.lang.reflect.Method.invoke(Unknown Source)
	at org.springframework.web.method.support.InvocableHandlerMethod.doInvoke(InvocableHandlerMethod.java:190)
	at org.springframework.web.method.support.InvocableHandlerMethod.invokeForRequest(InvocableHandlerMethod.java:138)
	at org.springframework.web.servlet.mvc.method.annotation.ServletInvocableHandlerMethod.invokeAndHandle(ServletInvocableHandlerMethod.java:105)
	at org.springframework.web.servlet.mvc.method.annotation.RequestMappingHandlerAdapter.invokeHandlerMethod(RequestMappingHandlerAdapter.java:878)
	at org.springframework.web.servlet.mvc.method.annotation.RequestMappingHandlerAdapter.handleInternal(RequestMappingHandlerAdapter.java:792)
	at org.springframework.web.servlet.mvc.method.AbstractHandlerMethodAdapter.handle(AbstractHandlerMethodAdapter.java:87)
	at org.springframework.web.servlet.DispatcherServlet.doDispatch(DispatcherServlet.java:1040)
	at org.springframework.web.servlet.DispatcherServlet.doService(DispatcherServlet.java:943)
	at org.springframework.web.servlet.FrameworkServlet.processRequest(FrameworkServlet.java:1006)
	at org.springframework.web.servlet.FrameworkServlet.doPost(FrameworkServlet.java:909)
	at javax.servlet.http.HttpServlet.service(HttpServlet.java:652)
	at org.springframework.web.servlet.FrameworkServlet.service(FrameworkServlet.java:883)
	at javax.servlet.http.HttpServlet.service(HttpServlet.java:733)
	at org.apache.catalina.core.ApplicationFilterChain.internalDoFilter(ApplicationFilterChain.java:231)
	at org.apache.catalina.core.ApplicationFilterChain.doFilter(ApplicationFilterChain.java:166)
	at org.apache.tomcat.websocket.server.WsFilter.doFilter(WsFilter.java:53)
	at org.apache.catalina.core.ApplicationFilterChain.internalDoFilter(ApplicationFilterChain.java:193)
	at org.apache.catalina.core.ApplicationFilterChain.doFilter(ApplicationFilterChain.java:166)
	at org.springframework.security.web.FilterChainProxy$VirtualFilterChain.doFilter(FilterChainProxy.java:320)
	at org.springframework.security.web.access.intercept.FilterSecurityInterceptor.invoke(FilterSecurityInterceptor.java:126)
	at org.springframework.security.web.access.intercept.FilterSecurityInterceptor.doFilter(FilterSecurityInterceptor.java:90)
	at org.springframework.security.web.FilterChainProxy$VirtualFilterChain.doFilter(FilterChainProxy.java:334)
	at org.springframework.security.web.access.ExceptionTranslationFilter.doFilter(ExceptionTranslationFilter.java:118)
	at org.springframework.security.web.FilterChainProxy$VirtualFilterChain.doFilter(FilterChainProxy.java:334)
	at org.springframework.security.web.session.SessionManagementFilter.doFilter(SessionManagementFilter.java:137)
	at org.springframework.security.web.FilterChainProxy$VirtualFilterChain.doFilter(FilterChainProxy.java:334)
	at org.springframework.security.web.authentication.AnonymousAuthenticationFilter.doFilter(AnonymousAuthenticationFilter.java:111)
	at org.springframework.security.web.FilterChainProxy$VirtualFilterChain.doFilter(FilterChainProxy.java:334)
	at org.springframework.security.web.servletapi.SecurityContextHolderAwareRequestFilter.doFilter(SecurityContextHolderAwareRequestFilter.java:158)
	at org.springframework.security.web.FilterChainProxy$VirtualFilterChain.doFilter(FilterChainProxy.java:334)
	at org.springframework.security.web.savedrequest.RequestCacheAwareFilter.doFilter(RequestCacheAwareFilter.java:63)
	at org.springframework.security.web.FilterChainProxy$VirtualFilterChain.doFilter(FilterChainProxy.java:334)
	at org.springframework.security.web.authentication.www.BasicAuthenticationFilter.doFilterInternal(BasicAuthenticationFilter.java:204)
	at org.springframework.web.filter.OncePerRequestFilter.doFilter(OncePerRequestFilter.java:119)
	at org.springframework.security.web.FilterChainProxy$VirtualFilterChain.doFilter(FilterChainProxy.java:334)
	at org.springframework.security.web.authentication.logout.LogoutFilter.doFilter(LogoutFilter.java:116)
	at org.springframework.security.web.FilterChainProxy$VirtualFilterChain.doFilter(FilterChainProxy.java:334)
	at org.springframework.security.web.header.HeaderWriterFilter.doHeadersAfter(HeaderWriterFilter.java:92)
	at org.springframework.security.web.header.HeaderWriterFilter.doFilterInternal(HeaderWriterFilter.java:77)
	at org.springframework.web.filter.OncePerRequestFilter.doFilter(OncePerRequestFilter.java:119)
	at org.springframework.security.web.FilterChainProxy$VirtualFilterChain.doFilter(FilterChainProxy.java:334)
	at org.springframework.security.web.context.SecurityContextPersistenceFilter.doFilter(SecurityContextPersistenceFilter.java:105)
	at org.springframework.security.web.FilterChainProxy$VirtualFilterChain.doFilter(FilterChainProxy.java:334)
	at org.springframework.security.web.context.request.async.WebAsyncManagerIntegrationFilter.doFilterInternal(WebAsyncManagerIntegrationFilter.java:56)
	at org.springframework.web.filter.OncePerRequestFilter.doFilter(OncePerRequestFilter.java:119)
	at org.springframework.security.web.FilterChainProxy$VirtualFilterChain.doFilter(FilterChainProxy.java:334)
	at org.springframework.security.web.FilterChainProxy.doFilterInternal(FilterChainProxy.java:215)
	at org.springframework.security.web.FilterChainProxy.doFilter(FilterChainProxy.java:178)
	at org.springframework.web.filter.DelegatingFilterProxy.invokeDelegate(DelegatingFilterProxy.java:358)
	at org.springframework.web.filter.DelegatingFilterProxy.doFilter(DelegatingFilterProxy.java:271)
	at org.apache.catalina.core.ApplicationFilterChain.internalDoFilter(ApplicationFilterChain.java:193)
	at org.apache.catalina.core.ApplicationFilterChain.doFilter(ApplicationFilterChain.java:166)
	at org.springframework.web.filter.RequestContextFilter.doFilterInternal(RequestContextFilter.java:100)
	at org.springframework.web.filter.OncePerRequestFilter.doFilter(OncePerRequestFilter.java:119)
	at org.apache.catalina.core.ApplicationFilterChain.internalDoFilter(ApplicationFilterChain.java:193)
	at org.apache.catalina.core.ApplicationFilterChain.doFilter(ApplicationFilterChain.java:166)
	at org.springframework.web.filter.FormContentFilter.doFilterInternal(FormContentFilter.java:93)
	at org.springframework.web.filter.OncePerRequestFilter.doFilter(OncePerRequestFilter.java:119)
	at org.apache.catalina.core.ApplicationFilterChain.internalDoFilter(ApplicationFilterChain.java:193)
	at org.apache.catalina.core.ApplicationFilterChain.doFilter(ApplicationFilterChain.java:166)
	at org.springframework.web.filter.CharacterEncodingFilter.doFilterInternal(CharacterEncodingFilter.java:201)
	at org.springframework.web.filter.OncePerRequestFilter.doFilter(OncePerRequestFilter.java:119)
	at org.apache.catalina.core.ApplicationFilterChain.internalDoFilter(ApplicationFilterChain.java:193)
	at org.apache.catalina.core.ApplicationFilterChain.doFilter(ApplicationFilterChain.java:166)
	at org.apache.catalina.core.StandardWrapperValve.invoke(StandardWrapperValve.java:202)
	at org.apache.catalina.core.StandardContextValve.invoke(StandardContextValve.java:97)
	at org.apache.catalina.authenticator.AuthenticatorBase.invoke(AuthenticatorBase.java:541)
	at org.apache.catalina.core.StandardHostValve.invoke(StandardHostValve.java:143)
	at org.apache.catalina.valves.ErrorReportValve.invoke(ErrorReportValve.java:92)
	at org.apache.catalina.core.StandardEngineValve.invoke(StandardEngineValve.java:78)
	at org.apache.catalina.connector.CoyoteAdapter.service(CoyoteAdapter.java:343)
	at org.apache.coyote.http11.Http11Processor.service(Http11Processor.java:374)
	at org.apache.coyote.AbstractProcessorLight.process(AbstractProcessorLight.java:65)
	at org.apache.coyote.AbstractProtocol$ConnectionHandler.process(AbstractProtocol.java:868)
	at org.apache.tomcat.util.net.NioEndpoint$SocketProcessor.doRun(NioEndpoint.java:1590)
	at org.apache.tomcat.util.net.SocketProcessorBase.run(SocketProcessorBase.java:49)
	at java.base/java.util.concurrent.ThreadPoolExecutor.runWorker(Unknown Source)
	at java.base/java.util.concurrent.ThreadPoolExecutor$Worker.run(Unknown Source)
	at org.apache.tomcat.util.threads.TaskThread$WrappingRunnable.run(TaskThread.java:61)
	at java.base/java.lang.Thread.run(Unknown Source)
