#
# There is insufficient memory for the Java Runtime Environment to continue.
# Native memory allocation (malloc) failed to allocate 621456 bytes for Chunk::new
# Possible reasons:
#   The system is out of physical RAM or swap space
#   The process is running with CompressedOops enabled, and the Java Heap may be blocking the growth of the native heap
# Possible solutions:
#   Reduce memory load on the system
#   Increase physical memory or swap space
#   Check if swap backing store is full
#   Decrease Java heap size (-Xmx/-Xms)
#   Decrease number of Java threads
#   Decrease Java thread stack sizes (-Xss)
#   Set larger code cache with -XX:ReservedCodeCacheSize=
#   JVM is running with Unscaled Compressed Oops mode in which the Java heap is
#     placed in the first 4GB address space. The Java Heap base address is the
#     maximum limit for the native heap growth. Please use -XX:HeapBaseMinAddress
#     to set the Java Heap base and to place the Java Heap above 4GB virtual address.
# This output file may be truncated or incomplete.
#
#  Out of Memory Error (t:/workspace/open/src/hotspot/share/memory/arena.cpp:197), pid=4452, tid=4404
#
# JRE version: OpenJDK Runtime Environment (11.0.2+9) (build 11.0.2+9)
# Java VM: OpenJDK 64-Bit Server VM (11.0.2+9, mixed mode, tiered, compressed oops, g1 gc, windows-amd64)
# No core dump will be written. Minidumps are not enabled by default on client versions of Windows
#

---------------  S U M M A R Y ------------

Command Line: -javaagent:C:\Program Files\JetBrains\IntelliJ IDEA Community Edition 2022.1.2\lib\idea_rt.jar=54975:C:\Program Files\JetBrains\IntelliJ IDEA Community Edition 2022.1.2\bin -Dfile.encoding=UTF-8 net.serg.gateway.service.GatewayServiceApplication

Host: Intel(R) Core(TM) i5-4200M CPU @ 2.50GHz, 4 cores, 5G,  Windows 10 , 64 bit Build 19041 (10.0.19041.1889)
Time: Wed Aug 17 14:20:56 2022 Центральная Азия (зима) elapsed time: 14 seconds (0d 0h 0m 14s)

---------------  T H R E A D  ---------------

Current thread (0x000001e220104800):  JavaThread "C2 CompilerThread0" daemon [_thread_in_native, id=4404, stack(0x00000051e8a00000,0x00000051e8b00000)]


Current CompileTask:
C2:  14240 3667       4       org.springframework.boot.context.properties.source.DefaultPropertyMapper::map (53 bytes)

Stack: [0x00000051e8a00000,0x00000051e8b00000]
Native frames: (J=compiled Java code, j=interpreted, Vv=VM code, C=native code)
V  [jvm.dll+0x63489a]
V  [jvm.dll+0x771f9f]
V  [jvm.dll+0x773648]
V  [jvm.dll+0x773d03]
V  [jvm.dll+0x25eba8]
V  [jvm.dll+0xc2191]
V  [jvm.dll+0xc271c]
V  [jvm.dll+0x36cc47]
V  [jvm.dll+0x1a95df]
V  [jvm.dll+0x218ad2]
V  [jvm.dll+0x217b6a]
V  [jvm.dll+0x194370]
V  [jvm.dll+0x226b3f]
V  [jvm.dll+0x225148]
V  [jvm.dll+0x73774d]
V  [jvm.dll+0x633942]
C  [ucrtbase.dll+0x21bb2]
C  [KERNEL32.DLL+0x17034]
C  [ntdll.dll+0x52651]


---------------  P R O C E S S  ---------------

Threads class SMR info:
_java_thread_list=0x000001e2235db090, length=13, elements={
0x000001e20306c000, 0x000001e2200f3000, 0x000001e2200f4000, 0x000001e220a82800,
0x000001e220a83800, 0x000001e220104800, 0x000001e220107800, 0x000001e220ac6800,
0x000001e20312b800, 0x000001e220d1c000, 0x000001e220e2a000, 0x000001e224f69800,
0x000001e2222e8800
}

Java Threads: ( => current thread )
  0x000001e20306c000 JavaThread "main" [_thread_in_native, id=10452, stack(0x00000051e7f00000,0x00000051e8000000)]
  0x000001e2200f3000 JavaThread "Reference Handler" daemon [_thread_blocked, id=10688, stack(0x00000051e8600000,0x00000051e8700000)]
  0x000001e2200f4000 JavaThread "Finalizer" daemon [_thread_blocked, id=2164, stack(0x00000051e8700000,0x00000051e8800000)]
  0x000001e220a82800 JavaThread "Signal Dispatcher" daemon [_thread_blocked, id=1900, stack(0x00000051e8800000,0x00000051e8900000)]
  0x000001e220a83800 JavaThread "Attach Listener" daemon [_thread_blocked, id=2580, stack(0x00000051e8900000,0x00000051e8a00000)]
=>0x000001e220104800 JavaThread "C2 CompilerThread0" daemon [_thread_in_native, id=4404, stack(0x00000051e8a00000,0x00000051e8b00000)]
  0x000001e220107800 JavaThread "C1 CompilerThread0" daemon [_thread_blocked, id=8912, stack(0x00000051e8b00000,0x00000051e8c00000)]
  0x000001e220ac6800 JavaThread "Sweeper thread" daemon [_thread_blocked, id=3620, stack(0x00000051e8c00000,0x00000051e8d00000)]
  0x000001e20312b800 JavaThread "Common-Cleaner" daemon [_thread_blocked, id=11088, stack(0x00000051e8d00000,0x00000051e8e00000)]
  0x000001e220d1c000 JavaThread "Monitor Ctrl-Break" daemon [_thread_in_native, id=7164, stack(0x00000051e8f00000,0x00000051e9000000)]
  0x000001e220e2a000 JavaThread "Service Thread" daemon [_thread_blocked, id=5236, stack(0x00000051e9100000,0x00000051e9200000)]
  0x000001e224f69800 JavaThread "Keep-Alive-Timer" daemon [_thread_blocked, id=2992, stack(0x00000051e9400000,0x00000051e9500000)]
  0x000001e2222e8800 JavaThread "C2 CompilerThread1" daemon [_thread_in_native, id=7920, stack(0x00000051e9700000,0x00000051e9800000)]

Other Threads:
  0x000001e2200ba800 VMThread "VM Thread" [stack: 0x00000051e8500000,0x00000051e8600000] [id=9780]
  0x000001e221420000 WatcherThread [stack: 0x00000051e9200000,0x00000051e9300000] [id=8592]
  0x000001e203083800 GCTaskThread "GC Thread#0" [stack: 0x00000051e8000000,0x00000051e8100000] [id=5108]
  0x000001e220d67000 GCTaskThread "GC Thread#1" [stack: 0x00000051e9000000,0x00000051e9100000] [id=4308]
  0x000001e2235b9800 GCTaskThread "GC Thread#2" [stack: 0x00000051e9500000,0x00000051e9600000] [id=4632]
  0x000001e222282000 GCTaskThread "GC Thread#3" [stack: 0x00000051e9600000,0x00000051e9700000] [id=10584]
  0x000001e2030a8000 ConcurrentGCThread "G1 Main Marker" [stack: 0x00000051e8100000,0x00000051e8200000] [id=1436]
  0x000001e2030a9000 ConcurrentGCThread "G1 Conc#0" [stack: 0x00000051e8200000,0x00000051e8300000] [id=9232]
  0x000001e20311e000 ConcurrentGCThread "G1 Refine#0" [stack: 0x00000051e8300000,0x00000051e8400000] [id=8672]
  0x000001e203120000 ConcurrentGCThread "G1 Young RemSet Sampling" [stack: 0x00000051e8400000,0x00000051e8500000] [id=2908]

Threads with active compile tasks:
C2 CompilerThread03667       4       org.springframework.boot.context.properties.source.DefaultPropertyMapper::map (53 bytes)
C2 CompilerThread13666   !   4       org.springframework.boot.context.properties.source.SpringConfigurationPropertySource::getConfigurationProperty (118 bytes)

VM state:not at safepoint (normal execution)

VM Mutex/Monitor currently owned by a thread: None

Heap address: 0x00000000a1000000, size: 1520 MB, Compressed Oops mode: 32-bit
Narrow klass base: 0x0000000000000000, Narrow klass shift: 3
Compressed class space size: 1073741824 Address: 0x0000000100000000

Heap:
 garbage-first heap   total 98304K, used 28517K [0x00000000a1000000, 0x0000000100000000)
  region size 1024K, 18 young (18432K), 6 survivors (6144K)
 Metaspace       used 38389K, capacity 39221K, committed 39420K, reserved 1083392K
  class space    used 4538K, capacity 4871K, committed 4992K, reserved 1048576K
Heap Regions: E=young(eden), S=young(survivor), O=old, HS=humongous(starts), HC=humongous(continues), CS=collection set, F=free, A=archive, TAMS=top-at-mark-start (previous, next)
|   0|0x00000000a1000000, 0x00000000a1100000, 0x00000000a1100000|100%| O|  |TAMS 0x00000000a1100000, 0x00000000a1000000| Untracked 
|   1|0x00000000a1100000, 0x00000000a1200000, 0x00000000a1200000|100%| O|  |TAMS 0x00000000a1200000, 0x00000000a1100000| Untracked 
|   2|0x00000000a1200000, 0x00000000a1300000, 0x00000000a1300000|100%| O|  |TAMS 0x00000000a1300000, 0x00000000a1200000| Untracked 
|   3|0x00000000a1300000, 0x00000000a1400000, 0x00000000a1400000|100%| O|  |TAMS 0x00000000a1400000, 0x00000000a1300000| Untracked 
|   4|0x00000000a1400000, 0x00000000a1500000, 0x00000000a1500000|100%| O|  |TAMS 0x00000000a1500000, 0x00000000a1400000| Untracked 
|   5|0x00000000a1500000, 0x00000000a1600000, 0x00000000a1600000|100%| O|  |TAMS 0x00000000a1600000, 0x00000000a1500000| Untracked 
|   6|0x00000000a1600000, 0x00000000a1700000, 0x00000000a1700000|100%| O|  |TAMS 0x00000000a1700000, 0x00000000a1600000| Untracked 
|   7|0x00000000a1700000, 0x00000000a1800000, 0x00000000a1800000|100%| O|  |TAMS 0x00000000a1800000, 0x00000000a1700000| Untracked 
|   8|0x00000000a1800000, 0x00000000a1900000, 0x00000000a1900000|100%| O|  |TAMS 0x00000000a1900000, 0x00000000a1800000| Untracked 
|   9|0x00000000a1900000, 0x00000000a1a00000, 0x00000000a1a00000|100%| O|  |TAMS 0x00000000a1995600, 0x00000000a1900000| Untracked 
|  10|0x00000000a1a00000, 0x00000000a1ade600, 0x00000000a1b00000| 86%| O|  |TAMS 0x00000000a1a00000, 0x00000000a1a00000| Untracked 
|  11|0x00000000a1b00000, 0x00000000a1b00000, 0x00000000a1c00000|  0%| F|  |TAMS 0x00000000a1b00000, 0x00000000a1b00000| Untracked 
|  12|0x00000000a1c00000, 0x00000000a1c00000, 0x00000000a1d00000|  0%| F|  |TAMS 0x00000000a1c00000, 0x00000000a1c00000| Untracked 
|  13|0x00000000a1d00000, 0x00000000a1d00000, 0x00000000a1e00000|  0%| F|  |TAMS 0x00000000a1d00000, 0x00000000a1d00000| Untracked 
|  14|0x00000000a1e00000, 0x00000000a1e00000, 0x00000000a1f00000|  0%| F|  |TAMS 0x00000000a1e00000, 0x00000000a1e00000| Untracked 
|  15|0x00000000a1f00000, 0x00000000a1f00000, 0x00000000a2000000|  0%| F|  |TAMS 0x00000000a1f00000, 0x00000000a1f00000| Untracked 
|  16|0x00000000a2000000, 0x00000000a2000000, 0x00000000a2100000|  0%| F|  |TAMS 0x00000000a2000000, 0x00000000a2000000| Untracked 
|  17|0x00000000a2100000, 0x00000000a2100000, 0x00000000a2200000|  0%| F|  |TAMS 0x00000000a2100000, 0x00000000a2100000| Untracked 
|  18|0x00000000a2200000, 0x00000000a2200000, 0x00000000a2300000|  0%| F|  |TAMS 0x00000000a2200000, 0x00000000a2200000| Untracked 
|  19|0x00000000a2300000, 0x00000000a2300000, 0x00000000a2400000|  0%| F|  |TAMS 0x00000000a2300000, 0x00000000a2300000| Untracked 
|  20|0x00000000a2400000, 0x00000000a2400000, 0x00000000a2500000|  0%| F|  |TAMS 0x00000000a2400000, 0x00000000a2400000| Untracked 
|  21|0x00000000a2500000, 0x00000000a2500000, 0x00000000a2600000|  0%| F|  |TAMS 0x00000000a2500000, 0x00000000a2500000| Untracked 
|  22|0x00000000a2600000, 0x00000000a2600000, 0x00000000a2700000|  0%| F|  |TAMS 0x00000000a2600000, 0x00000000a2600000| Untracked 
|  23|0x00000000a2700000, 0x00000000a2700000, 0x00000000a2800000|  0%| F|  |TAMS 0x00000000a2700000, 0x00000000a2700000| Untracked 
|  24|0x00000000a2800000, 0x00000000a2800000, 0x00000000a2900000|  0%| F|  |TAMS 0x00000000a2800000, 0x00000000a2800000| Untracked 
|  25|0x00000000a2900000, 0x00000000a2900000, 0x00000000a2a00000|  0%| F|  |TAMS 0x00000000a2900000, 0x00000000a2900000| Untracked 
|  26|0x00000000a2a00000, 0x00000000a2a00000, 0x00000000a2b00000|  0%| F|  |TAMS 0x00000000a2a00000, 0x00000000a2a00000| Untracked 
|  27|0x00000000a2b00000, 0x00000000a2b00000, 0x00000000a2c00000|  0%| F|  |TAMS 0x00000000a2b00000, 0x00000000a2b00000| Untracked 
|  28|0x00000000a2c00000, 0x00000000a2c00000, 0x00000000a2d00000|  0%| F|  |TAMS 0x00000000a2c00000, 0x00000000a2c00000| Untracked 
|  29|0x00000000a2d00000, 0x00000000a2d00000, 0x00000000a2e00000|  0%| F|  |TAMS 0x00000000a2d00000, 0x00000000a2d00000| Untracked 
|  30|0x00000000a2e00000, 0x00000000a2e00000, 0x00000000a2f00000|  0%| F|  |TAMS 0x00000000a2e00000, 0x00000000a2e00000| Untracked 
|  31|0x00000000a2f00000, 0x00000000a2f00000, 0x00000000a3000000|  0%| F|  |TAMS 0x00000000a2f00000, 0x00000000a2f00000| Untracked 
|  32|0x00000000a3000000, 0x00000000a3000000, 0x00000000a3100000|  0%| F|  |TAMS 0x00000000a3000000, 0x00000000a3000000| Untracked 
|  33|0x00000000a3100000, 0x00000000a31fb0a0, 0x00000000a3200000| 98%| S|CS|TAMS 0x00000000a3100000, 0x00000000a3100000| Complete 
|  34|0x00000000a3200000, 0x00000000a3300000, 0x00000000a3300000|100%| S|CS|TAMS 0x00000000a3200000, 0x00000000a3200000| Complete 
|  35|0x00000000a3300000, 0x00000000a3400000, 0x00000000a3400000|100%| S|CS|TAMS 0x00000000a3300000, 0x00000000a3300000| Complete 
|  36|0x00000000a3400000, 0x00000000a3500000, 0x00000000a3500000|100%| S|CS|TAMS 0x00000000a3400000, 0x00000000a3400000| Complete 
|  37|0x00000000a3500000, 0x00000000a3600000, 0x00000000a3600000|100%| S|CS|TAMS 0x00000000a3500000, 0x00000000a3500000| Complete 
|  38|0x00000000a3600000, 0x00000000a3700000, 0x00000000a3700000|100%| S|CS|TAMS 0x00000000a3600000, 0x00000000a3600000| Complete 
|  39|0x00000000a3700000, 0x00000000a3700000, 0x00000000a3800000|  0%| F|  |TAMS 0x00000000a3700000, 0x00000000a3700000| Untracked 
|  40|0x00000000a3800000, 0x00000000a3800000, 0x00000000a3900000|  0%| F|  |TAMS 0x00000000a3800000, 0x00000000a3800000| Untracked 
|  41|0x00000000a3900000, 0x00000000a3900000, 0x00000000a3a00000|  0%| F|  |TAMS 0x00000000a3900000, 0x00000000a3900000| Untracked 
|  42|0x00000000a3a00000, 0x00000000a3a00000, 0x00000000a3b00000|  0%| F|  |TAMS 0x00000000a3a00000, 0x00000000a3a00000| Untracked 
|  43|0x00000000a3b00000, 0x00000000a3b00000, 0x00000000a3c00000|  0%| F|  |TAMS 0x00000000a3b00000, 0x00000000a3b00000| Untracked 
|  44|0x00000000a3c00000, 0x00000000a3c00000, 0x00000000a3d00000|  0%| F|  |TAMS 0x00000000a3c00000, 0x00000000a3c00000| Untracked 
|  45|0x00000000a3d00000, 0x00000000a3d00000, 0x00000000a3e00000|  0%| F|  |TAMS 0x00000000a3d00000, 0x00000000a3d00000| Untracked 
|  46|0x00000000a3e00000, 0x00000000a3e00000, 0x00000000a3f00000|  0%| F|  |TAMS 0x00000000a3e00000, 0x00000000a3e00000| Untracked 
|  47|0x00000000a3f00000, 0x00000000a3f00000, 0x00000000a4000000|  0%| F|  |TAMS 0x00000000a3f00000, 0x00000000a3f00000| Untracked 
|  48|0x00000000a4000000, 0x00000000a4000000, 0x00000000a4100000|  0%| F|  |TAMS 0x00000000a4000000, 0x00000000a4000000| Untracked 
|  49|0x00000000a4100000, 0x00000000a4100000, 0x00000000a4200000|  0%| F|  |TAMS 0x00000000a4100000, 0x00000000a4100000| Untracked 
|  50|0x00000000a4200000, 0x00000000a4200000, 0x00000000a4300000|  0%| F|  |TAMS 0x00000000a4200000, 0x00000000a4200000| Untracked 
|  51|0x00000000a4300000, 0x00000000a4300000, 0x00000000a4400000|  0%| F|  |TAMS 0x00000000a4300000, 0x00000000a4300000| Untracked 
|  52|0x00000000a4400000, 0x00000000a4400000, 0x00000000a4500000|  0%| F|  |TAMS 0x00000000a4400000, 0x00000000a4400000| Untracked 
|  53|0x00000000a4500000, 0x00000000a4500000, 0x00000000a4600000|  0%| F|  |TAMS 0x00000000a4500000, 0x00000000a4500000| Untracked 
|  54|0x00000000a4600000, 0x00000000a4600000, 0x00000000a4700000|  0%| F|  |TAMS 0x00000000a4600000, 0x00000000a4600000| Untracked 
|  55|0x00000000a4700000, 0x00000000a4700000, 0x00000000a4800000|  0%| F|  |TAMS 0x00000000a4700000, 0x00000000a4700000| Untracked 
|  56|0x00000000a4800000, 0x00000000a4800000, 0x00000000a4900000|  0%| F|  |TAMS 0x00000000a4800000, 0x00000000a4800000| Untracked 
|  57|0x00000000a4900000, 0x00000000a4900000, 0x00000000a4a00000|  0%| F|  |TAMS 0x00000000a4900000, 0x00000000a4900000| Untracked 
|  58|0x00000000a4a00000, 0x00000000a4a00000, 0x00000000a4b00000|  0%| F|  |TAMS 0x00000000a4a00000, 0x00000000a4a00000| Untracked 
|  59|0x00000000a4b00000, 0x00000000a4b00000, 0x00000000a4c00000|  0%| F|  |TAMS 0x00000000a4b00000, 0x00000000a4b00000| Untracked 
|  60|0x00000000a4c00000, 0x00000000a4c00000, 0x00000000a4d00000|  0%| F|  |TAMS 0x00000000a4c00000, 0x00000000a4c00000| Untracked 
|  61|0x00000000a4d00000, 0x00000000a4d00000, 0x00000000a4e00000|  0%| F|  |TAMS 0x00000000a4d00000, 0x00000000a4d00000| Untracked 
|  62|0x00000000a4e00000, 0x00000000a4e00000, 0x00000000a4f00000|  0%| F|  |TAMS 0x00000000a4e00000, 0x00000000a4e00000| Untracked 
|  63|0x00000000a4f00000, 0x00000000a4f00000, 0x00000000a5000000|  0%| F|  |TAMS 0x00000000a4f00000, 0x00000000a4f00000| Untracked 
|  64|0x00000000a5000000, 0x00000000a5000000, 0x00000000a5100000|  0%| F|  |TAMS 0x00000000a5000000, 0x00000000a5000000| Untracked 
|  65|0x00000000a5100000, 0x00000000a5100000, 0x00000000a5200000|  0%| F|  |TAMS 0x00000000a5100000, 0x00000000a5100000| Untracked 
|  66|0x00000000a5200000, 0x00000000a5200000, 0x00000000a5300000|  0%| F|  |TAMS 0x00000000a5200000, 0x00000000a5200000| Untracked 
|  67|0x00000000a5300000, 0x00000000a5300000, 0x00000000a5400000|  0%| F|  |TAMS 0x00000000a5300000, 0x00000000a5300000| Untracked 
|  68|0x00000000a5400000, 0x00000000a5400000, 0x00000000a5500000|  0%| F|  |TAMS 0x00000000a5400000, 0x00000000a5400000| Untracked 
|  69|0x00000000a5500000, 0x00000000a5500000, 0x00000000a5600000|  0%| F|  |TAMS 0x00000000a5500000, 0x00000000a5500000| Untracked 
|  70|0x00000000a5600000, 0x00000000a5600000, 0x00000000a5700000|  0%| F|  |TAMS 0x00000000a5600000, 0x00000000a5600000| Untracked 
|  71|0x00000000a5700000, 0x00000000a5700000, 0x00000000a5800000|  0%| F|  |TAMS 0x00000000a5700000, 0x00000000a5700000| Untracked 
|  72|0x00000000a5800000, 0x00000000a5800000, 0x00000000a5900000|  0%| F|  |TAMS 0x00000000a5800000, 0x00000000a5800000| Untracked 
|  73|0x00000000a5900000, 0x00000000a5900000, 0x00000000a5a00000|  0%| F|  |TAMS 0x00000000a5900000, 0x00000000a5900000| Untracked 
|  74|0x00000000a5a00000, 0x00000000a5a00000, 0x00000000a5b00000|  0%| F|  |TAMS 0x00000000a5a00000, 0x00000000a5a00000| Untracked 
|  75|0x00000000a5b00000, 0x00000000a5b00000, 0x00000000a5c00000|  0%| F|  |TAMS 0x00000000a5b00000, 0x00000000a5b00000| Untracked 
|  76|0x00000000a5c00000, 0x00000000a5c00000, 0x00000000a5d00000|  0%| F|  |TAMS 0x00000000a5c00000, 0x00000000a5c00000| Untracked 
|  77|0x00000000a5d00000, 0x00000000a5d00000, 0x00000000a5e00000|  0%| F|  |TAMS 0x00000000a5d00000, 0x00000000a5d00000| Untracked 
|  78|0x00000000a5e00000, 0x00000000a5e00000, 0x00000000a5f00000|  0%| F|  |TAMS 0x00000000a5e00000, 0x00000000a5e00000| Untracked 
|  79|0x00000000a5f00000, 0x00000000a5f00000, 0x00000000a6000000|  0%| F|  |TAMS 0x00000000a5f00000, 0x00000000a5f00000| Untracked 
|  80|0x00000000a6000000, 0x00000000a6000000, 0x00000000a6100000|  0%| F|  |TAMS 0x00000000a6000000, 0x00000000a6000000| Untracked 
|  81|0x00000000a6100000, 0x00000000a6100000, 0x00000000a6200000|  0%| F|  |TAMS 0x00000000a6100000, 0x00000000a6100000| Untracked 
|  82|0x00000000a6200000, 0x00000000a6200000, 0x00000000a6300000|  0%| F|  |TAMS 0x00000000a6200000, 0x00000000a6200000| Untracked 
|  83|0x00000000a6300000, 0x00000000a6300000, 0x00000000a6400000|  0%| F|  |TAMS 0x00000000a6300000, 0x00000000a6300000| Untracked 
|  84|0x00000000a6400000, 0x00000000a6500000, 0x00000000a6500000|100%| E|  |TAMS 0x00000000a6400000, 0x00000000a6400000| Complete 
|  85|0x00000000a6500000, 0x00000000a6600000, 0x00000000a6600000|100%| E|CS|TAMS 0x00000000a6500000, 0x00000000a6500000| Complete 
|  86|0x00000000a6600000, 0x00000000a6700000, 0x00000000a6700000|100%| E|CS|TAMS 0x00000000a6600000, 0x00000000a6600000| Complete 
|  87|0x00000000a6700000, 0x00000000a6800000, 0x00000000a6800000|100%| E|CS|TAMS 0x00000000a6700000, 0x00000000a6700000| Complete 
|  88|0x00000000a6800000, 0x00000000a6900000, 0x00000000a6900000|100%| E|CS|TAMS 0x00000000a6800000, 0x00000000a6800000| Complete 
|  89|0x00000000a6900000, 0x00000000a6a00000, 0x00000000a6a00000|100%| E|CS|TAMS 0x00000000a6900000, 0x00000000a6900000| Complete 
|  90|0x00000000a6a00000, 0x00000000a6b00000, 0x00000000a6b00000|100%| E|CS|TAMS 0x00000000a6a00000, 0x00000000a6a00000| Complete 
|  91|0x00000000a6b00000, 0x00000000a6c00000, 0x00000000a6c00000|100%| E|CS|TAMS 0x00000000a6b00000, 0x00000000a6b00000| Complete 
|  92|0x00000000a6c00000, 0x00000000a6d00000, 0x00000000a6d00000|100%| E|CS|TAMS 0x00000000a6c00000, 0x00000000a6c00000| Complete 
|  93|0x00000000a6d00000, 0x00000000a6e00000, 0x00000000a6e00000|100%| E|CS|TAMS 0x00000000a6d00000, 0x00000000a6d00000| Complete 
|  94|0x00000000a6e00000, 0x00000000a6f00000, 0x00000000a6f00000|100%| E|CS|TAMS 0x00000000a6e00000, 0x00000000a6e00000| Complete 
|  95|0x00000000a6f00000, 0x00000000a7000000, 0x00000000a7000000|100%| E|CS|TAMS 0x00000000a6f00000, 0x00000000a6f00000| Complete 

Card table byte_map: [0x000001e21a670000,0x000001e21a970000] _byte_map_base: 0x000001e21a168000

Marking Bits (Prev, Next): (CMBitMap*) 0x000001e2030a1198, (CMBitMap*) 0x000001e2030a11d0
 Prev Bits: [0x000001e21ac70000, 0x000001e21c430000)
 Next Bits: [0x000001e21c430000, 0x000001e21dbf0000)

Polling page: 0x000001e202750000

Metaspace:

Usage:
  Non-class:     33.54 MB capacity,    33.07 MB ( 99%) used,   392.63 KB (  1%) free+waste,    96.00 KB ( <1%) overhead. 
      Class:      4.76 MB capacity,     4.43 MB ( 93%) used,   286.91 KB (  6%) free+waste,    43.38 KB ( <1%) overhead. 
       Both:     38.30 MB capacity,    37.50 MB ( 98%) used,   679.54 KB (  2%) free+waste,   139.38 KB ( <1%) overhead. 

Virtual space:
  Non-class space:       34.00 MB reserved,      33.62 MB ( 99%) committed 
      Class space:        1.00 GB reserved,       4.88 MB ( <1%) committed 
             Both:        1.03 GB reserved,      38.50 MB (  4%) committed 

Chunk freelists:
   Non-Class:  1.75 KB
       Class:  3.13 KB
        Both:  4.88 KB

CodeHeap 'non-profiled nmethods': size=120064Kb used=1935Kb max_used=1935Kb free=118129Kb
 bounds [0x000001e212e30000, 0x000001e2130a0000, 0x000001e21a370000]
CodeHeap 'profiled nmethods': size=120000Kb used=8727Kb max_used=8727Kb free=111272Kb
 bounds [0x000001e20b900000, 0x000001e20c190000, 0x000001e212e30000]
CodeHeap 'non-nmethods': size=5696Kb used=1142Kb max_used=1180Kb free=4553Kb
 bounds [0x000001e20b370000, 0x000001e20b5e0000, 0x000001e20b900000]
 total_blobs=5110 nmethods=3739 adapters=380
 compilation: enabled
              stopped_count=0, restarted_count=0
 full_count=0

Compilation events (10 events):
Event: 14.185 Thread 0x000001e220107800 3689       1       org.springframework.boot.autoconfigure.condition.OnBeanCondition$Spec::getNames (5 bytes)
Event: 14.185 Thread 0x000001e220107800 nmethod 3689 0x000001e213012910 code [0x000001e213012ac0, 0x000001e213012bd8]
Event: 14.186 Thread 0x000001e220107800 3690   !   3       org.springframework.beans.factory.support.FactoryBeanRegistrySupport::getTypeForFactoryBean (50 bytes)
Event: 14.186 Thread 0x000001e220107800 nmethod 3690 0x000001e20c143610 code [0x000001e20c143840, 0x000001e20c143f10]
Event: 14.200 Thread 0x000001e220107800 3692       3       org.springframework.context.annotation.AnnotationBeanNameGenerator$$Lambda$192/0x0000000100232c40::get$Lambda (9 bytes)
Event: 14.200 Thread 0x000001e220107800 nmethod 3692 0x000001e20c144190 code [0x000001e20c144360, 0x000001e20c144618]
Event: 14.200 Thread 0x000001e220107800 3693       3       org.springframework.context.annotation.AnnotationBeanNameGenerator$$Lambda$192/0x0000000100232c40::<init> (10 bytes)
Event: 14.200 Thread 0x000001e220107800 nmethod 3693 0x000001e20c144710 code [0x000001e20c1448c0, 0x000001e20c144ad8]
Event: 14.203 Thread 0x000001e220107800 3694       3       org.springframework.boot.autoconfigure.condition.FilteringSpringBootCondition$ClassNameFilter$1::matches (6 bytes)
Event: 14.204 Thread 0x000001e220107800 nmethod 3694 0x000001e20c144b90 code [0x000001e20c144da0, 0x000001e20c145280]

GC Heap History (10 events):
Event: 5.840 GC heap before
{Heap before GC invocations=3 (full 0):
 garbage-first heap   total 98304K, used 30974K [0x00000000a1000000, 0x0000000100000000)
  region size 1024K, 25 young (25600K), 3 survivors (3072K)
 Metaspace       used 20744K, capacity 21109K, committed 21296K, reserved 1069056K
  class space    used 2274K, capacity 2406K, committed 2432K, reserved 1048576K
}
Event: 5.849 GC heap after
{Heap after GC invocations=4 (full 0):
 garbage-first heap   total 98304K, used 10552K [0x00000000a1000000, 0x0000000100000000)
  region size 1024K, 3 young (3072K), 3 survivors (3072K)
 Metaspace       used 20744K, capacity 21109K, committed 21296K, reserved 1069056K
  class space    used 2274K, capacity 2406K, committed 2432K, reserved 1048576K
}
Event: 6.455 GC heap before
{Heap before GC invocations=5 (full 0):
 garbage-first heap   total 98304K, used 47416K [0x00000000a1000000, 0x0000000100000000)
  region size 1024K, 39 young (39936K), 3 survivors (3072K)
 Metaspace       used 25415K, capacity 25987K, committed 26160K, reserved 1073152K
  class space    used 2998K, capacity 3194K, committed 3200K, reserved 1048576K
}
Event: 6.461 GC heap after
{Heap after GC invocations=6 (full 0):
 garbage-first heap   total 98304K, used 11639K [0x00000000a1000000, 0x0000000100000000)
  region size 1024K, 4 young (4096K), 4 survivors (4096K)
 Metaspace       used 25415K, capacity 25987K, committed 26160K, reserved 1073152K
  class space    used 2998K, capacity 3194K, committed 3200K, reserved 1048576K
}
Event: 11.661 GC heap before
{Heap before GC invocations=6 (full 0):
 garbage-first heap   total 98304K, used 64887K [0x00000000a1000000, 0x0000000100000000)
  region size 1024K, 57 young (58368K), 4 survivors (4096K)
 Metaspace       used 32838K, capacity 33514K, committed 33840K, reserved 1079296K
  class space    used 3857K, capacity 4108K, committed 4224K, reserved 1048576K
}
Event: 11.670 GC heap after
{Heap after GC invocations=7 (full 0):
 garbage-first heap   total 98304K, used 13747K [0x00000000a1000000, 0x0000000100000000)
  region size 1024K, 6 young (6144K), 6 survivors (6144K)
 Metaspace       used 32838K, capacity 33514K, committed 33840K, reserved 1079296K
  class space    used 3857K, capacity 4108K, committed 4224K, reserved 1048576K
}
Event: 12.818 GC heap before
{Heap before GC invocations=7 (full 0):
 garbage-first heap   total 98304K, used 47539K [0x00000000a1000000, 0x0000000100000000)
  region size 1024K, 40 young (40960K), 6 survivors (6144K)
 Metaspace       used 34895K, capacity 35588K, committed 35708K, reserved 1081344K
  class space    used 4048K, capacity 4322K, committed 4352K, reserved 1048576K
}
Event: 12.836 GC heap after
{Heap after GC invocations=8 (full 0):
 garbage-first heap   total 98304K, used 15572K [0x00000000a1000000, 0x0000000100000000)
  region size 1024K, 6 young (6144K), 6 survivors (6144K)
 Metaspace       used 34895K, capacity 35588K, committed 35708K, reserved 1081344K
  class space    used 4048K, capacity 4322K, committed 4352K, reserved 1048576K
}
Event: 14.103 GC heap before
{Heap before GC invocations=9 (full 0):
 garbage-first heap   total 98304K, used 67796K [0x00000000a1000000, 0x0000000100000000)
  region size 1024K, 57 young (58368K), 6 survivors (6144K)
 Metaspace       used 37338K, capacity 38114K, committed 38140K, reserved 1083392K
  class space    used 4393K, capacity 4716K, committed 4736K, reserved 1048576K
}
Event: 14.122 GC heap after
{Heap after GC invocations=10 (full 0):
 garbage-first heap   total 98304K, used 17253K [0x00000000a1000000, 0x0000000100000000)
  region size 1024K, 6 young (6144K), 6 survivors (6144K)
 Metaspace       used 37338K, capacity 38114K, committed 38140K, reserved 1083392K
  class space    used 4393K, capacity 4716K, committed 4736K, reserved 1048576K
}

Deoptimization events (10 events):
Event: 11.378 Thread 0x000001e20306c000 Uncommon trap: reason=unstable_if action=reinterpret pc=0x000001e212e78918 method=java.lang.String.substring(II)Ljava/lang/String; @ 31 c2
Event: 11.380 Thread 0x000001e20306c000 Uncommon trap: reason=unstable_if action=reinterpret pc=0x000001e212f1fc50 method=java.lang.String.equals(Ljava/lang/Object;)Z @ 34 c2
Event: 11.398 Thread 0x000001e20306c000 Uncommon trap: reason=unstable_fused_if action=reinterpret pc=0x000001e212f7605c method=sun.text.normalizer.Trie2_16.get(I)I @ 1 c2
Event: 11.512 Thread 0x000001e20306c000 Uncommon trap: reason=profile_predicate action=maybe_recompile pc=0x000001e212f69a88 method=jdk.internal.jimage.ImageStringsReader.charsFromByteBuffer([CLjava/nio/ByteBuffer;)V @ 6 c2
Event: 11.517 Thread 0x000001e20306c000 Uncommon trap: reason=profile_predicate action=maybe_recompile pc=0x000001e212f69a88 method=jdk.internal.jimage.ImageStringsReader.charsFromByteBuffer([CLjava/nio/ByteBuffer;)V @ 6 c2
Event: 11.517 Thread 0x000001e20306c000 Uncommon trap: reason=profile_predicate action=maybe_recompile pc=0x000001e212f69a88 method=jdk.internal.jimage.ImageStringsReader.charsFromByteBuffer([CLjava/nio/ByteBuffer;)V @ 6 c2
Event: 11.517 Thread 0x000001e20306c000 Uncommon trap: reason=profile_predicate action=maybe_recompile pc=0x000001e212f69a88 method=jdk.internal.jimage.ImageStringsReader.charsFromByteBuffer([CLjava/nio/ByteBuffer;)V @ 6 c2
Event: 11.518 Thread 0x000001e20306c000 Uncommon trap: reason=unstable_if action=reinterpret pc=0x000001e212e581c4 method=java.util.zip.ZipFile$Source.getEntryPos([BZ)I @ 156 c2
Event: 12.021 Thread 0x000001e20306c000 Uncommon trap: reason=unstable_if action=reinterpret pc=0x000001e212f8ed74 method=jdk.internal.jimage.ImageLocation.verify(Ljava/lang/String;Ljava/lang/String;[JLjdk/internal/jimage/ImageStrings;)Z @ 18 c2
Event: 12.109 Thread 0x000001e20306c000 Uncommon trap: reason=intrinsic_or_type_checked_inlining action=make_not_entrant pc=0x000001e212fa70a8 method=java.util.ArrayList.toArray([Ljava/lang/Object;)[Ljava/lang/Object; @ 36 c2

Classes redefined (0 events):
No events

Internal exceptions (10 events):
Event: 11.502 Thread 0x000001e20306c000 Exception <a 'java/lang/ClassNotFoundException'{0x00000000a3917a38}: org/springframework/core/OrderedCustomizer> (0x00000000a3917a38) thrown at [t:/workspace/open/src/hotspot/share/classfile/systemDictionary.cpp, line 231]
Event: 11.503 Thread 0x000001e20306c000 Exception <a 'java/lang/ClassNotFoundException'{0x00000000a392c1f0}: org/springframework/context/ResourceLoaderAwareCustomizer> (0x00000000a392c1f0) thrown at [t:/workspace/open/src/hotspot/share/classfile/systemDictionary.cpp, line 231]
Event: 11.504 Thread 0x000001e20306c000 Exception <a 'java/lang/ClassNotFoundException'{0x00000000a393f640}: org/springframework/beans/factory/AwareCustomizer> (0x00000000a393f640) thrown at [t:/workspace/open/src/hotspot/share/classfile/systemDictionary.cpp, line 231]
Event: 11.505 Thread 0x000001e20306c000 Exception <a 'java/lang/ClassNotFoundException'{0x00000000a39549d8}: org/springframework/beans/factory/BeanClassLoaderAwareCustomizer> (0x00000000a39549d8) thrown at [t:/workspace/open/src/hotspot/share/classfile/systemDictionary.cpp, line 231]
Event: 11.506 Thread 0x000001e20306c000 Exception <a 'java/lang/ClassNotFoundException'{0x00000000a3967e80}: org/springframework/beans/factory/AwareCustomizer> (0x00000000a3967e80) thrown at [t:/workspace/open/src/hotspot/share/classfile/systemDictionary.cpp, line 231]
Event: 11.507 Thread 0x000001e20306c000 Exception <a 'java/lang/ClassNotFoundException'{0x00000000a397b9f8}: org/springframework/context/EnvironmentAwareCustomizer> (0x00000000a397b9f8) thrown at [t:/workspace/open/src/hotspot/share/classfile/systemDictionary.cpp, line 231]
Event: 11.508 Thread 0x000001e20306c000 Exception <a 'java/lang/ClassNotFoundException'{0x00000000a398f058}: org/springframework/beans/factory/AwareCustomizer> (0x00000000a398f058) thrown at [t:/workspace/open/src/hotspot/share/classfile/systemDictionary.cpp, line 231]
Event: 11.525 Thread 0x000001e20306c000 Exception <a 'java/lang/NoSuchMethodError'{0x00000000a39bfb28}: java.lang.invoke.DirectMethodHandle$Holder.invokeSpecialIFC(Ljava/lang/Object;Ljava/lang/Object;Ljava/lang/Object;Ljava/lang/Object;)I> (0x00000000a39bfb28) thrown at [t:/workspace/open/src/h
Event: 11.690 Thread 0x000001e20306c000 Exception <a 'java/lang/NoClassDefFoundError'{0x00000000a6f526c8}: javax/servlet/Filter> (0x00000000a6f526c8) thrown at [t:/workspace/open/src/hotspot/share/classfile/systemDictionary.cpp, line 220]
Event: 11.871 Thread 0x000001e20306c000 Exception <a 'java/lang/IncompatibleClassChangeError'{0x00000000a64bd588}: Found class java.lang.Object, but interface was expected> (0x00000000a64bd588) thrown at [t:/workspace/open/src/hotspot/share/interpreter/linkResolver.cpp, line 838]

Events (10 events):
Event: 14.198 loading class org/springframework/boot/web/reactive/function/client/WebClientCustomizer
Event: 14.198 loading class org/springframework/boot/web/reactive/function/client/WebClientCustomizer done
Event: 14.199 loading class org/springframework/boot/actuate/autoconfigure/metrics/web/client/HttpClientMetricsAutoConfiguration
Event: 14.199 loading class org/springframework/boot/actuate/autoconfigure/metrics/web/client/HttpClientMetricsAutoConfiguration done
Event: 14.200 loading class org/springframework/boot/actuate/metrics/web/reactive/server/WebFluxTagsProvider
Event: 14.200 loading class org/springframework/boot/actuate/metrics/web/reactive/server/WebFluxTagsProvider done
Event: 14.201 loading class org/springframework/boot/actuate/autoconfigure/metrics/web/reactive/WebFluxMetricsAutoConfiguration
Event: 14.201 loading class org/springframework/boot/actuate/autoconfigure/metrics/web/reactive/WebFluxMetricsAutoConfiguration done
Event: 14.204 loading class org/springframework/boot/actuate/metrics/web/reactive/server/DefaultWebFluxTagsProvider
Event: 14.204 loading class org/springframework/boot/actuate/metrics/web/reactive/server/DefaultWebFluxTagsProvider done


Dynamic libraries:
0x00007ff71e580000 - 0x00007ff71e5c5000 	C:\Program Files\Java\openjdk-11.0.2_windows-x64_bin\jdk-11.0.2\bin\java.exe
0x00007ffd61990000 - 0x00007ffd61b88000 	C:\Windows\SYSTEM32\ntdll.dll
0x00007ffd39680000 - 0x00007ffd39697000 	C:\Program Files\Avast Software\Avast\aswhook.dll
0x00007ffd607f0000 - 0x00007ffd608ad000 	C:\Windows\System32\KERNEL32.DLL
0x00007ffd5f3c0000 - 0x00007ffd5f68e000 	C:\Windows\System32\KERNELBASE.dll
0x00007ffd61220000 - 0x00007ffd613c0000 	C:\Windows\System32\USER32.dll
0x00007ffd5f860000 - 0x00007ffd5f882000 	C:\Windows\System32\win32u.dll
0x00007ffd61790000 - 0x00007ffd617ba000 	C:\Windows\System32\GDI32.dll
0x00007ffd5f0b0000 - 0x00007ffd5f1bb000 	C:\Windows\System32\gdi32full.dll
0x00007ffd5f7c0000 - 0x00007ffd5f85d000 	C:\Windows\System32\msvcp_win.dll
0x00007ffd5f1c0000 - 0x00007ffd5f2c0000 	C:\Windows\System32\ucrtbase.dll
0x00007ffd4da40000 - 0x00007ffd4dcda000 	C:\Windows\WinSxS\amd64_microsoft.windows.common-controls_6595b64144ccf1df_6.0.19041.1110_none_60b5254171f9507e\COMCTL32.dll
0x00007ffd5fc50000 - 0x00007ffd5fcee000 	C:\Windows\System32\msvcrt.dll
0x00007ffd5fc10000 - 0x00007ffd5fc40000 	C:\Windows\System32\IMM32.DLL
0x00007ffd45610000 - 0x00007ffd45626000 	C:\Program Files\Java\openjdk-11.0.2_windows-x64_bin\jdk-11.0.2\bin\vcruntime140.dll
0x00007ffd3bab0000 - 0x00007ffd3bb5a000 	C:\Program Files\Java\openjdk-11.0.2_windows-x64_bin\jdk-11.0.2\bin\msvcp140.dll
0x00007ffcfdc90000 - 0x00007ffcfe7b3000 	C:\Program Files\Java\openjdk-11.0.2_windows-x64_bin\jdk-11.0.2\bin\server\jvm.dll
0x00007ffd60300000 - 0x00007ffd603ae000 	C:\Windows\System32\ADVAPI32.dll
0x00007ffd604e0000 - 0x00007ffd6057c000 	C:\Windows\System32\sechost.dll
0x00007ffd61010000 - 0x00007ffd61135000 	C:\Windows\System32\RPCRT4.dll
0x00007ffd5fc40000 - 0x00007ffd5fc48000 	C:\Windows\System32\PSAPI.DLL
0x00007ffd4ecf0000 - 0x00007ffd4ecf9000 	C:\Windows\SYSTEM32\WSOCK32.dll
0x00007ffd52fd0000 - 0x00007ffd52ff7000 	C:\Windows\SYSTEM32\WINMM.dll
0x00007ffd61720000 - 0x00007ffd6178b000 	C:\Windows\System32\WS2_32.dll
0x00007ffd58270000 - 0x00007ffd5827a000 	C:\Windows\SYSTEM32\VERSION.dll
0x00007ffd5dab0000 - 0x00007ffd5dac2000 	C:\Windows\SYSTEM32\kernel.appcore.dll
0x00007ffd44690000 - 0x00007ffd446a1000 	C:\Program Files\Java\openjdk-11.0.2_windows-x64_bin\jdk-11.0.2\bin\verify.dll
0x00007ffd564e0000 - 0x00007ffd566c4000 	C:\Windows\SYSTEM32\DBGHELP.DLL
0x00007ffd562b0000 - 0x00007ffd562dc000 	C:\Windows\SYSTEM32\dbgcore.DLL
0x00007ffd5f690000 - 0x00007ffd5f712000 	C:\Windows\System32\bcryptPrimitives.dll
0x00007ffd3fe60000 - 0x00007ffd3fe88000 	C:\Program Files\Java\openjdk-11.0.2_windows-x64_bin\jdk-11.0.2\bin\java.dll
0x00007ffd48e50000 - 0x00007ffd48e7f000 	C:\Program Files\Java\openjdk-11.0.2_windows-x64_bin\jdk-11.0.2\bin\instrument.dll
0x00007ffd3d160000 - 0x00007ffd3d176000 	C:\Program Files\Java\openjdk-11.0.2_windows-x64_bin\jdk-11.0.2\bin\zip.dll
0x00007ffd47f10000 - 0x00007ffd47f1a000 	C:\Program Files\Java\openjdk-11.0.2_windows-x64_bin\jdk-11.0.2\bin\jimage.dll
0x00007ffd608b0000 - 0x00007ffd60ff4000 	C:\Windows\System32\SHELL32.dll
0x00007ffd5c810000 - 0x00007ffd5cfa4000 	C:\Windows\SYSTEM32\windows.storage.dll
0x00007ffd613c0000 - 0x00007ffd61714000 	C:\Windows\System32\combase.dll
0x00007ffd5eb10000 - 0x00007ffd5eb40000 	C:\Windows\SYSTEM32\Wldp.dll
0x00007ffd60250000 - 0x00007ffd602fd000 	C:\Windows\System32\SHCORE.dll
0x00007ffd61840000 - 0x00007ffd61895000 	C:\Windows\System32\shlwapi.dll
0x00007ffd5eff0000 - 0x00007ffd5f00f000 	C:\Windows\SYSTEM32\profapi.dll
0x00007ffd3d140000 - 0x00007ffd3d159000 	C:\Program Files\Java\openjdk-11.0.2_windows-x64_bin\jdk-11.0.2\bin\net.dll
0x00007ffd4d420000 - 0x00007ffd4d60c000 	C:\Windows\SYSTEM32\urlmon.dll
0x00007ffd55ea0000 - 0x00007ffd55faa000 	C:\Windows\SYSTEM32\WINHTTP.dll
0x00007ffd4e610000 - 0x00007ffd4e8c1000 	C:\Windows\SYSTEM32\iertutil.dll
0x00007ffd4d3f0000 - 0x00007ffd4d418000 	C:\Windows\SYSTEM32\srvcli.dll
0x00007ffd5e520000 - 0x00007ffd5e52c000 	C:\Windows\SYSTEM32\netutils.dll
0x00007ffd5e820000 - 0x00007ffd5e88a000 	C:\Windows\system32\mswsock.dll
0x00007ffd3d120000 - 0x00007ffd3d133000 	C:\Program Files\Java\openjdk-11.0.2_windows-x64_bin\jdk-11.0.2\bin\nio.dll
0x00007ffd48330000 - 0x00007ffd4834a000 	C:\Program Files\JetBrains\IntelliJ IDEA Community Edition 2022.1.2\bin\breakgen64.dll
0x00007ffd5e4e0000 - 0x00007ffd5e51b000 	C:\Windows\SYSTEM32\IPHLPAPI.DLL
0x00007ffd61000000 - 0x00007ffd61008000 	C:\Windows\System32\NSI.dll
0x00007ffd580b0000 - 0x00007ffd580c7000 	C:\Windows\SYSTEM32\dhcpcsvc6.DLL
0x00007ffd58030000 - 0x00007ffd5804d000 	C:\Windows\SYSTEM32\dhcpcsvc.DLL
0x00007ffd5e530000 - 0x00007ffd5e5fa000 	C:\Windows\SYSTEM32\DNSAPI.dll
0x00007ffd54a60000 - 0x00007ffd54a6a000 	C:\Windows\System32\rasadhlp.dll
0x00007ffd54a90000 - 0x00007ffd54b10000 	C:\Windows\System32\fwpuclnt.dll
0x00007ffd5f720000 - 0x00007ffd5f747000 	C:\Windows\System32\bcrypt.dll
0x00007ffd477a0000 - 0x00007ffd477a9000 	C:\Program Files\Java\openjdk-11.0.2_windows-x64_bin\jdk-11.0.2\bin\management.dll
0x00007ffd45600000 - 0x00007ffd4560c000 	C:\Program Files\Java\openjdk-11.0.2_windows-x64_bin\jdk-11.0.2\bin\management_ext.dll
0x00007ffd42de0000 - 0x00007ffd42df7000 	C:\Windows\system32\napinsp.dll
0x00007ffd42dc0000 - 0x00007ffd42ddb000 	C:\Windows\system32\pnrpnsp.dll
0x00007ffd599a0000 - 0x00007ffd599b5000 	C:\Windows\system32\wshbth.dll
0x00007ffd5a820000 - 0x00007ffd5a83d000 	C:\Windows\system32\NLAapi.dll
0x00007ffd42e00000 - 0x00007ffd42e12000 	C:\Windows\System32\winrnr.dll

dbghelp: loaded successfully - version: 4.0.5 - missing functions: none
symbol engine: initialized successfully - sym options: 0x614 - pdb path: .;C:\Program Files\Java\openjdk-11.0.2_windows-x64_bin\jdk-11.0.2\bin;C:\Windows\SYSTEM32;C:\Program Files\Avast Software\Avast;C:\Windows\WinSxS\amd64_microsoft.windows.common-controls_6595b64144ccf1df_6.0.19041.1110_none_60b5254171f9507e;C:\Program Files\Java\openjdk-11.0.2_windows-x64_bin\jdk-11.0.2\bin\server;C:\Program Files\JetBrains\IntelliJ IDEA Community Edition 2022.1.2\bin

VM Arguments:
jvm_args: -javaagent:C:\Program Files\JetBrains\IntelliJ IDEA Community Edition 2022.1.2\lib\idea_rt.jar=54975:C:\Program Files\JetBrains\IntelliJ IDEA Community Edition 2022.1.2\bin -Dfile.encoding=UTF-8 
java_command: net.serg.gateway.service.GatewayServiceApplication
java_class_path (initial): C:\Users\User\Desktop\epam_interanl_lab\microservices\gateway-service\target\classes;C:\Users\User\Desktop\epam_interanl_lab\microservices\app-config-data\target\classes;C:\Users\User\.m2\repository\org\springframework\boot\spring-boot\2.3.4.RELEASE\spring-boot-2.3.4.RELEASE.jar;C:\Users\User\.m2\repository\org\springframework\spring-core\5.2.9.RELEASE\spring-core-5.2.9.RELEASE.jar;C:\Users\User\.m2\repository\org\springframework\spring-jcl\5.2.9.RELEASE\spring-jcl-5.2.9.RELEASE.jar;C:\Users\User\.m2\repository\org\springframework\spring-context\5.2.9.RELEASE\spring-context-5.2.9.RELEASE.jar;C:\Users\User\.m2\repository\org\springframework\cloud\spring-cloud-starter-gateway\2.2.6.RELEASE\spring-cloud-starter-gateway-2.2.6.RELEASE.jar;C:\Users\User\.m2\repository\org\springframework\cloud\spring-cloud-starter\2.2.6.RELEASE\spring-cloud-starter-2.2.6.RELEASE.jar;C:\Users\User\.m2\repository\org\springframework\cloud\spring-cloud-context\2.2.6.RELEASE\spring-cloud-context-2.2.6.RELEASE.jar;C:\Users\User\.m2\repository\org\springframework\security\spring-security-crypto\5.3.4.RELEASE\spring-security-crypto-5.3.4.RELEASE.jar;C:\Users\User\.m2\repository\org\springframework\cloud\spring-cloud-commons\2.2.6.RELEASE\spring-cloud-commons-2.2.6.RELEASE.jar;C:\Users\User\.m2\repository\org\springframework\security\spring-security-rsa\1.0.9.RELEASE\spring-security-rsa-1.0.9.RELEASE.jar;C:\Users\User\.m2\repository\org\bouncycastle\bcpkix-jdk15on\1.64\bcpkix-jdk15on-1.64.jar;C:\Users\User\.m2\repository\org\bouncycastle\bcprov-jdk15on\1.64\bcprov-jdk15on-1.64.jar;C:\Users\User\.m2\repository\org\springframework\cloud\spring-cloud-gateway-server\2.2.6.RELEASE\spring-cloud-gateway-server-2.2.6.RELEASE.jar;C:\Users\User\.m2\repository\org\springframework\boot\spring-boot-starter-validation\2.3.4.RELEASE\spring-boot-starter-validation-2.3.4.RELEASE.jar;C:\Users\User\.m2\repository\org\glassfish\jakarta.el\3.0.3\jakarta.el-3.0.3.jar;C:\Users\User\.m2\repo
Launcher Type: SUN_STANDARD

[Global flags]
     intx CICompilerCount                          = 3                                         {product} {ergonomic}
     uint ConcGCThreads                            = 1                                         {product} {ergonomic}
     uint G1ConcRefinementThreads                  = 4                                         {product} {ergonomic}
   size_t G1HeapRegionSize                         = 1048576                                   {product} {ergonomic}
    uintx GCDrainStackTargetSize                   = 64                                        {product} {ergonomic}
   size_t InitialHeapSize                          = 100663296                                 {product} {ergonomic}
   size_t MarkStackSize                            = 4194304                                   {product} {ergonomic}
   size_t MaxHeapSize                              = 1593835520                                {product} {ergonomic}
   size_t MaxNewSize                               = 956301312                                 {product} {ergonomic}
   size_t MinHeapDeltaBytes                        = 1048576                                   {product} {ergonomic}
    uintx NonNMethodCodeHeapSize                   = 5830092                                {pd product} {ergonomic}
    uintx NonProfiledCodeHeapSize                  = 122914074                              {pd product} {ergonomic}
    uintx ProfiledCodeHeapSize                     = 122914074                              {pd product} {ergonomic}
    uintx ReservedCodeCacheSize                    = 251658240                              {pd product} {ergonomic}
     bool SegmentedCodeCache                       = true                                      {product} {ergonomic}
     bool UseCompressedClassPointers               = true                                 {lp64_product} {ergonomic}
     bool UseCompressedOops                        = true                                 {lp64_product} {ergonomic}
     bool UseG1GC                                  = true                                      {product} {ergonomic}
     bool UseLargePagesIndividualAllocation        = false                                  {pd product} {ergonomic}

Logging:
Log output configuration:
 #0: stdout all=warning uptime,level,tags
 #1: stderr all=off uptime,level,tags

Environment Variables:
JAVA_HOME=C:\Program Files\Java\openjdk-11.0.2_windows-x64_bin\jdk-11.0.2
PATH=C:\Program Files (x86)\Common Files\Oracle\Java\javapath;C:\Windows\system32;C:\Windows;C:\Windows\System32\Wbem;C:\Windows\System32\WindowsPowerShell\v1.0\;C:\Windows\System32\OpenSSH\;C:\Program Files\nodejs\;C:\Program Files\Microsoft VS Code\bin;C:\Program Files\dotnet\;C:\Program Files\Microsoft SQL Server\130\Tools\Binn\;C:\Program Files\Microsoft SQL Server\Client SDK\ODBC\170\Tools\Binn\;C:\Program Files\Git\cmd;C:\Program Files\Java\openjdk-11.0.2_windows-x64_bin\jdk-11.0.2\bin;C:\Program Files\Docker\Docker\resources\bin;C:\ProgramData\DockerDesktop\version-bin;C:\ProgramData\chocolatey\bin;C:\JAVA\apache-maven-3.8.6\bin;C:\Users\User\AppData\Local\Microsoft\WindowsApps;;C:\Program Files\JetBrains\IntelliJ IDEA Community Edition 2022.1.2\bin;;C:\Users\User\AppData\Roaming\npm;C:\Users\User\.dotnet\tools
USERNAME=User
OS=Windows_NT
PROCESSOR_IDENTIFIER=Intel64 Family 6 Model 60 Stepping 3, GenuineIntel



---------------  S Y S T E M  ---------------

OS: Windows 10 , 64 bit Build 19041 (10.0.19041.1889)

CPU:total 4 (initial active 4) (2 cores per cpu, 2 threads per core) family 6 model 60 stepping 3, cmov, cx8, fxsr, mmx, sse, sse2, sse3, ssse3, sse4.1, sse4.2, popcnt, avx, avx2, aes, clmul, erms, lzcnt, ht, tsc, tscinvbit, bmi1, bmi2, fma

Memory: 4k page, system-wide physical 6076M (210M free)
TotalPageFile size 13048M (AvailPageFile size 40M)
current process WorkingSet (physical memory assigned to process): 192M, peak: 192M
current process commit charge ("private bytes"): 247M, peak: 253M

vm_info: OpenJDK 64-Bit Server VM (11.0.2+9) for windows-amd64 JRE (11.0.2+9), built on Jan 18 2019 05:23:22 by "mach5one" with MS VC++ 15.5 (VS2017)

END.
