2022-08-12 15:47:38 [background-preinit] INFO  o.h.validator.internal.util.Version - HV000001: Hibernate Validator 6.1.5.Final
2022-08-12 15:47:41 [main] INFO  net.serg.ConfigServer - No active profile set, falling back to default profiles: default
2022-08-12 15:47:47 [main] INFO  o.s.cloud.context.scope.GenericScope - BeanFactory id=6a61b5a4-e4ee-3827-8063-10120a5746fc
2022-08-12 15:47:49 [main] INFO  o.s.b.w.e.tomcat.TomcatWebServer - Tomcat initialized with port(s): 8888 (http)
2022-08-12 15:47:50 [main] INFO  o.a.coyote.http11.Http11NioProtocol - Initializing ProtocolHandler ["http-nio-8888"]
2022-08-12 15:47:50 [main] INFO  o.a.catalina.core.StandardService - Starting service [Tomcat]
2022-08-12 15:47:50 [main] INFO  o.a.catalina.core.StandardEngine - Starting Servlet engine: [Apache Tomcat/9.0.38]
2022-08-12 15:47:50 [main] INFO  o.a.c.c.C.[Tomcat].[localhost].[/] - Initializing Spring embedded WebApplicationContext
2022-08-12 15:47:50 [main] INFO  o.s.b.w.s.c.ServletWebServerApplicationContext - Root WebApplicationContext: initialization completed in 8413 ms
2022-08-12 15:47:52 [main] INFO  o.s.s.c.ThreadPoolTaskExecutor - Initializing ExecutorService 'applicationTaskExecutor'
2022-08-12 15:47:56 [main] WARN  o.s.c.c.s.e.HttpClientConfigurableHttpConnectionFactory - No custom http config found for URL: https://github.com/add-additional/config-server/info/refs?service=git-upload-pack
2022-08-12 15:47:58 [main] WARN  o.s.c.c.s.e.HttpClientConfigurableHttpConnectionFactory - No custom http config found for URL: https://github.com/add-additional/config-server/git-upload-pack
2022-08-12 15:48:00 [main] INFO  o.s.s.web.DefaultSecurityFilterChain - Creating filter chain: Ant [pattern='/actuator/**'], []
2022-08-12 15:48:00 [main] INFO  o.s.s.web.DefaultSecurityFilterChain - Creating filter chain: Ant [pattern='/encrypt/**'], []
2022-08-12 15:48:00 [main] INFO  o.s.s.web.DefaultSecurityFilterChain - Creating filter chain: Ant [pattern='/decrypt/**'], []
2022-08-12 15:48:00 [main] INFO  o.s.s.web.DefaultSecurityFilterChain - Creating filter chain: any request, [org.springframework.security.web.context.request.async.WebAsyncManagerIntegrationFilter@4805069b, org.springframework.security.web.context.SecurityContextPersistenceFilter@5cdda548, org.springframework.security.web.header.HeaderWriterFilter@63f3366a, org.springframework.security.web.csrf.CsrfFilter@6e4e60f5, org.springframework.security.web.authentication.logout.LogoutFilter@460e5ffe, org.springframework.security.web.authentication.UsernamePasswordAuthenticationFilter@417446d9, org.springframework.security.web.authentication.ui.DefaultLoginPageGeneratingFilter@ecf028c, org.springframework.security.web.authentication.ui.DefaultLogoutPageGeneratingFilter@14ca88bc, org.springframework.security.web.authentication.www.BasicAuthenticationFilter@2b058bfd, org.springframework.security.web.savedrequest.RequestCacheAwareFilter@5bad555b, org.springframework.security.web.servletapi.SecurityContextHolderAwareRequestFilter@201a8ea7, org.springframework.security.web.authentication.AnonymousAuthenticationFilter@f01fc6d, org.springframework.security.web.session.SessionManagementFilter@56f84c9b, org.springframework.security.web.access.ExceptionTranslationFilter@c2e33, org.springframework.security.web.access.intercept.FilterSecurityInterceptor@26bce60d]
2022-08-12 15:48:00 [main] INFO  o.s.b.a.e.web.EndpointLinksResolver - Exposing 2 endpoint(s) beneath base path '/actuator'
2022-08-12 15:48:00 [main] INFO  o.a.coyote.http11.Http11NioProtocol - Starting ProtocolHandler ["http-nio-8888"]
2022-08-12 15:48:01 [main] INFO  o.s.b.w.e.tomcat.TomcatWebServer - Tomcat started on port(s): 8888 (http) with context path ''
2022-08-12 15:48:01 [main] INFO  net.serg.ConfigServer - Started ConfigServer in 23.774 seconds (JVM running for 25.39)
2022-08-12 15:57:00 [http-nio-8888-exec-1] INFO  o.a.c.c.C.[Tomcat].[localhost].[/] - Initializing Spring DispatcherServlet 'dispatcherServlet'
2022-08-12 15:57:00 [http-nio-8888-exec-1] INFO  o.s.web.servlet.DispatcherServlet - Initializing Servlet 'dispatcherServlet'
2022-08-12 15:57:00 [http-nio-8888-exec-1] INFO  o.s.web.servlet.DispatcherServlet - Completed initialization in 19 ms
2022-08-12 15:57:01 [http-nio-8888-exec-1] WARN  o.s.c.c.s.e.HttpClientConfigurableHttpConnectionFactory - No custom http config found for URL: https://github.com/add-additional/config-server/info/refs?service=git-upload-pack
2022-08-12 15:57:02 [http-nio-8888-exec-1] INFO  o.s.c.c.s.e.NativeEnvironmentRepository - Adding property source: file:/tmp/config-repo-2185562827116091821/config-client-elasticsearch_query_web.yml
2022-08-12 15:57:02 [http-nio-8888-exec-1] INFO  o.s.c.c.s.e.NativeEnvironmentRepository - Adding property source: file:/tmp/config-repo-2185562827116091821/config-client.yml
2022-08-12 15:57:02 [http-nio-8888-exec-2] WARN  o.s.c.c.s.e.HttpClientConfigurableHttpConnectionFactory - No custom http config found for URL: https://github.com/add-additional/config-server/info/refs?service=git-upload-pack
2022-08-12 15:57:03 [http-nio-8888-exec-2] INFO  o.s.c.c.s.e.NativeEnvironmentRepository - Adding property source: file:/tmp/config-repo-2185562827116091821/config-client-elasticsearch_query.yml
2022-08-12 15:57:03 [http-nio-8888-exec-2] INFO  o.s.c.c.s.e.NativeEnvironmentRepository - Adding property source: file:/tmp/config-repo-2185562827116091821/config-client.yml
2022-08-12 15:59:40 [SpringContextShutdownHook] INFO  o.s.s.c.ThreadPoolTaskExecutor - Shutting down ExecutorService 'applicationTaskExecutor'
2022-08-12 20:25:23 [background-preinit] INFO  o.h.validator.internal.util.Version - HV000001: Hibernate Validator 6.1.5.Final
2022-08-12 20:25:26 [main] INFO  net.serg.ConfigServer - No active profile set, falling back to default profiles: default
2022-08-12 20:25:32 [main] INFO  o.s.cloud.context.scope.GenericScope - BeanFactory id=6a61b5a4-e4ee-3827-8063-10120a5746fc
2022-08-12 20:25:34 [main] INFO  o.s.b.w.e.tomcat.TomcatWebServer - Tomcat initialized with port(s): 8888 (http)
2022-08-12 20:25:34 [main] INFO  o.a.coyote.http11.Http11NioProtocol - Initializing ProtocolHandler ["http-nio-8888"]
2022-08-12 20:25:34 [main] INFO  o.a.catalina.core.StandardService - Starting service [Tomcat]
2022-08-12 20:25:34 [main] INFO  o.a.catalina.core.StandardEngine - Starting Servlet engine: [Apache Tomcat/9.0.38]
2022-08-12 20:25:34 [main] INFO  o.a.c.c.C.[Tomcat].[localhost].[/] - Initializing Spring embedded WebApplicationContext
2022-08-12 20:25:34 [main] INFO  o.s.b.w.s.c.ServletWebServerApplicationContext - Root WebApplicationContext: initialization completed in 8564 ms
2022-08-12 20:25:37 [main] INFO  o.s.s.c.ThreadPoolTaskExecutor - Initializing ExecutorService 'applicationTaskExecutor'
2022-08-12 20:25:42 [main] WARN  o.s.c.c.s.e.HttpClientConfigurableHttpConnectionFactory - No custom http config found for URL: https://github.com/add-additional/config-server/info/refs?service=git-upload-pack
2022-08-12 20:25:45 [main] WARN  o.s.c.c.s.e.HttpClientConfigurableHttpConnectionFactory - No custom http config found for URL: https://github.com/add-additional/config-server/git-upload-pack
2022-08-12 20:25:49 [main] INFO  o.s.s.web.DefaultSecurityFilterChain - Creating filter chain: Ant [pattern='/actuator/**'], []
2022-08-12 20:25:49 [main] INFO  o.s.s.web.DefaultSecurityFilterChain - Creating filter chain: Ant [pattern='/encrypt/**'], []
2022-08-12 20:25:49 [main] INFO  o.s.s.web.DefaultSecurityFilterChain - Creating filter chain: Ant [pattern='/decrypt/**'], []
2022-08-12 20:25:49 [main] INFO  o.s.s.web.DefaultSecurityFilterChain - Creating filter chain: any request, [org.springframework.security.web.context.request.async.WebAsyncManagerIntegrationFilter@34070bd2, org.springframework.security.web.context.SecurityContextPersistenceFilter@4be460e5, org.springframework.security.web.header.HeaderWriterFilter@63d3c9dc, org.springframework.security.web.csrf.CsrfFilter@5b5b8730, org.springframework.security.web.authentication.logout.LogoutFilter@38968752, org.springframework.security.web.authentication.UsernamePasswordAuthenticationFilter@76cf91c9, org.springframework.security.web.authentication.ui.DefaultLoginPageGeneratingFilter@4f2544b0, org.springframework.security.web.authentication.ui.DefaultLogoutPageGeneratingFilter@1e7d3d87, org.springframework.security.web.authentication.www.BasicAuthenticationFilter@417446d9, org.springframework.security.web.savedrequest.RequestCacheAwareFilter@7805478c, org.springframework.security.web.servletapi.SecurityContextHolderAwareRequestFilter@5cdda548, org.springframework.security.web.authentication.AnonymousAuthenticationFilter@1dd76982, org.springframework.security.web.session.SessionManagementFilter@35d114f4, org.springframework.security.web.access.ExceptionTranslationFilter@16d4024e, org.springframework.security.web.access.intercept.FilterSecurityInterceptor@56a09a5c]
2022-08-12 20:25:49 [main] INFO  o.s.b.a.e.web.EndpointLinksResolver - Exposing 2 endpoint(s) beneath base path '/actuator'
2022-08-12 20:25:49 [main] INFO  o.a.coyote.http11.Http11NioProtocol - Starting ProtocolHandler ["http-nio-8888"]
2022-08-12 20:25:49 [main] INFO  o.s.b.w.e.tomcat.TomcatWebServer - Tomcat started on port(s): 8888 (http) with context path ''
2022-08-12 20:25:49 [main] INFO  net.serg.ConfigServer - Started ConfigServer in 27.898 seconds (JVM running for 30.065)
