2022-08-03 20:42:25 [background-preinit] INFO  o.h.validator.internal.util.Version - HV000001: Hibernate Validator 6.1.5.Final
2022-08-03 20:42:25 [background-preinit] INFO  o.h.validator.internal.util.Version - HV000001: Hibernate Validator 6.1.5.Final
2022-08-03 20:42:28 [main] INFO  o.s.c.c.c.ConfigServicePropertySourceLocator - Fetching config from server at : http://config-server:8888
2022-08-03 20:42:29 [main] INFO  o.s.c.c.c.ConfigServicePropertySourceLocator - Fetching config from server at : http://config-server:8888
2022-08-03 20:42:31 [main] INFO  o.s.c.c.c.ConfigServicePropertySourceLocator - Located environment: name=elasticsearch-query-service,config-client, profiles=[elasticsearch_query], label=null, version=6c076e56a685927527923ebbcd61b72b6a8ff471, state=null
2022-08-03 20:42:31 [main] INFO  o.s.c.b.c.PropertySourceBootstrapConfiguration - Located property source: [BootstrapPropertySource {name='bootstrapProperties-configClient'}, BootstrapPropertySource {name='bootstrapProperties-https://github.com/add-additional/config-server//config-client-elasticsearch_query.yml'}, BootstrapPropertySource {name='bootstrapProperties-https://github.com/add-additional/config-server//config-client.yml'}]
2022-08-03 20:42:31 [main] INFO  n.s.e.q.s.ElasticsearchQueryServiceApplication - The following profiles are active: elasticsearch_query
2022-08-03 20:42:32 [main] INFO  o.s.c.c.c.ConfigServicePropertySourceLocator - Located environment: name=elasticsearch-query-service,config-client, profiles=[elasticsearch_query], label=null, version=6c076e56a685927527923ebbcd61b72b6a8ff471, state=null
2022-08-03 20:42:32 [main] INFO  o.s.c.b.c.PropertySourceBootstrapConfiguration - Located property source: [BootstrapPropertySource {name='bootstrapProperties-configClient'}, BootstrapPropertySource {name='bootstrapProperties-https://github.com/add-additional/config-server//config-client-elasticsearch_query.yml'}, BootstrapPropertySource {name='bootstrapProperties-https://github.com/add-additional/config-server//config-client.yml'}]
2022-08-03 20:42:32 [main] INFO  n.s.e.q.s.ElasticsearchQueryServiceApplication - The following profiles are active: elasticsearch_query
2022-08-03 20:42:36 [main] INFO  o.s.d.r.c.RepositoryConfigurationDelegate - Bootstrapping Spring Data Elasticsearch repositories in DEFAULT mode.
2022-08-03 20:42:36 [main] INFO  o.s.d.r.c.RepositoryConfigurationDelegate - Bootstrapping Spring Data Elasticsearch repositories in DEFAULT mode.
2022-08-03 20:42:37 [main] INFO  o.s.d.r.c.RepositoryConfigurationDelegate - Finished Spring Data repository scanning in 319ms. Found 1 Elasticsearch repository interfaces.
2022-08-03 20:42:37 [main] INFO  o.s.d.r.c.RepositoryConfigurationDelegate - Finished Spring Data repository scanning in 362ms. Found 1 Elasticsearch repository interfaces.
2022-08-03 20:42:39 [main] INFO  o.s.d.r.c.RepositoryConfigurationDelegate - Bootstrapping Spring Data Reactive Elasticsearch repositories in DEFAULT mode.
2022-08-03 20:42:39 [main] INFO  o.s.d.r.c.RepositoryConfigurationDelegate - Bootstrapping Spring Data Reactive Elasticsearch repositories in DEFAULT mode.
2022-08-03 20:42:39 [main] INFO  o.s.d.r.c.RepositoryConfigurationDelegate - Finished Spring Data repository scanning in 74ms. Found 0 Reactive Elasticsearch repository interfaces.
2022-08-03 20:42:39 [main] INFO  o.s.d.r.c.RepositoryConfigurationDelegate - Finished Spring Data repository scanning in 93ms. Found 0 Reactive Elasticsearch repository interfaces.
2022-08-03 20:42:41 [main] INFO  o.s.cloud.context.scope.GenericScope - BeanFactory id=642242ce-5346-33d9-ab2f-d7a21933f35e
2022-08-03 20:42:43 [main] INFO  o.s.cloud.context.scope.GenericScope - BeanFactory id=642242ce-5346-33d9-ab2f-d7a21933f35e
2022-08-03 20:42:51 [main] INFO  o.s.b.w.e.tomcat.TomcatWebServer - Tomcat initialized with port(s): 8185 (http)
2022-08-03 20:42:51 [main] INFO  o.s.b.w.e.tomcat.TomcatWebServer - Tomcat initialized with port(s): 8183 (http)
2022-08-03 20:42:54 [main] INFO  o.a.coyote.http11.Http11NioProtocol - Initializing ProtocolHandler ["http-nio-8185"]
2022-08-03 20:42:54 [main] INFO  o.a.catalina.core.StandardService - Starting service [Tomcat]
2022-08-03 20:42:54 [main] INFO  o.a.catalina.core.StandardEngine - Starting Servlet engine: [Apache Tomcat/9.0.38]
2022-08-03 20:42:55 [main] INFO  o.a.coyote.http11.Http11NioProtocol - Initializing ProtocolHandler ["http-nio-8183"]
2022-08-03 20:42:55 [main] INFO  o.a.catalina.core.StandardService - Starting service [Tomcat]
2022-08-03 20:42:55 [main] INFO  o.a.catalina.core.StandardEngine - Starting Servlet engine: [Apache Tomcat/9.0.38]
2022-08-03 20:42:56 [main] INFO  o.a.c.c.C.[.[.[/elasticsearch-query-service] - Initializing Spring embedded WebApplicationContext
2022-08-03 20:42:56 [main] INFO  o.s.b.w.s.c.ServletWebServerApplicationContext - Root WebApplicationContext: initialization completed in 24985 ms
2022-08-03 20:42:57 [main] INFO  o.a.c.c.C.[.[.[/elasticsearch-query-service] - Initializing Spring embedded WebApplicationContext
2022-08-03 20:42:57 [main] INFO  o.s.b.w.s.c.ServletWebServerApplicationContext - Root WebApplicationContext: initialization completed in 24172 ms
2022-08-03 20:42:57 [main] WARN  o.s.data.convert.CustomConversions - Registering converter from class org.springframework.data.geo.Point to interface java.util.Map as writing converter although it doesn't convert to a store-supported type! You might want to check your annotation setup at the converter implementation.
2022-08-03 20:42:57 [main] WARN  o.s.data.convert.CustomConversions - Registering converter from interface java.util.Map to class org.springframework.data.geo.Point as reading converter although it doesn't convert from a store-supported type! You might want to check your annotation setup at the converter implementation.
2022-08-03 20:42:57 [main] WARN  o.s.data.convert.CustomConversions - Registering converter from class org.springframework.data.elasticsearch.core.geo.GeoPoint to interface java.util.Map as writing converter although it doesn't convert to a store-supported type! You might want to check your annotation setup at the converter implementation.
2022-08-03 20:42:57 [main] WARN  o.s.data.convert.CustomConversions - Registering converter from interface java.util.Map to class org.springframework.data.elasticsearch.core.geo.GeoPoint as reading converter although it doesn't convert from a store-supported type! You might want to check your annotation setup at the converter implementation.
2022-08-03 20:42:58 [main] WARN  o.s.data.convert.CustomConversions - Registering converter from class org.springframework.data.geo.Point to interface java.util.Map as writing converter although it doesn't convert to a store-supported type! You might want to check your annotation setup at the converter implementation.
2022-08-03 20:42:58 [main] WARN  o.s.data.convert.CustomConversions - Registering converter from interface java.util.Map to class org.springframework.data.geo.Point as reading converter although it doesn't convert from a store-supported type! You might want to check your annotation setup at the converter implementation.
2022-08-03 20:42:58 [main] WARN  o.s.data.convert.CustomConversions - Registering converter from class org.springframework.data.elasticsearch.core.geo.GeoPoint to interface java.util.Map as writing converter although it doesn't convert to a store-supported type! You might want to check your annotation setup at the converter implementation.
2022-08-03 20:42:58 [main] WARN  o.s.data.convert.CustomConversions - Registering converter from interface java.util.Map to class org.springframework.data.elasticsearch.core.geo.GeoPoint as reading converter although it doesn't convert from a store-supported type! You might want to check your annotation setup at the converter implementation.
2022-08-03 20:42:58 [main] WARN  o.s.data.convert.CustomConversions - Registering converter from class org.springframework.data.geo.Point to interface java.util.Map as writing converter although it doesn't convert to a store-supported type! You might want to check your annotation setup at the converter implementation.
2022-08-03 20:42:58 [main] WARN  o.s.data.convert.CustomConversions - Registering converter from interface java.util.Map to class org.springframework.data.geo.Point as reading converter although it doesn't convert from a store-supported type! You might want to check your annotation setup at the converter implementation.
2022-08-03 20:42:58 [main] WARN  o.s.data.convert.CustomConversions - Registering converter from class org.springframework.data.elasticsearch.core.geo.GeoPoint to interface java.util.Map as writing converter although it doesn't convert to a store-supported type! You might want to check your annotation setup at the converter implementation.
2022-08-03 20:42:58 [main] WARN  o.s.data.convert.CustomConversions - Registering converter from interface java.util.Map to class org.springframework.data.elasticsearch.core.geo.GeoPoint as reading converter although it doesn't convert from a store-supported type! You might want to check your annotation setup at the converter implementation.
2022-08-03 20:42:58 [main] WARN  o.s.data.convert.CustomConversions - Registering converter from class org.springframework.data.geo.Point to interface java.util.Map as writing converter although it doesn't convert to a store-supported type! You might want to check your annotation setup at the converter implementation.
2022-08-03 20:42:58 [main] WARN  o.s.data.convert.CustomConversions - Registering converter from interface java.util.Map to class org.springframework.data.geo.Point as reading converter although it doesn't convert from a store-supported type! You might want to check your annotation setup at the converter implementation.
2022-08-03 20:42:58 [main] WARN  o.s.data.convert.CustomConversions - Registering converter from class org.springframework.data.elasticsearch.core.geo.GeoPoint to interface java.util.Map as writing converter although it doesn't convert to a store-supported type! You might want to check your annotation setup at the converter implementation.
2022-08-03 20:42:58 [main] WARN  o.s.data.convert.CustomConversions - Registering converter from interface java.util.Map to class org.springframework.data.elasticsearch.core.geo.GeoPoint as reading converter although it doesn't convert from a store-supported type! You might want to check your annotation setup at the converter implementation.
2022-08-03 20:43:08 [main] INFO  o.s.d.e.support.VersionInfo - Version Spring Data Elasticsearch: 4.0.4.RELEASE
2022-08-03 20:43:08 [main] INFO  o.s.d.e.support.VersionInfo - Version Spring Data Elasticsearch: 4.0.4.RELEASE
2022-08-03 20:43:09 [main] INFO  o.s.d.e.support.VersionInfo - Version Elasticsearch Client in build: 7.6.2
2022-08-03 20:43:09 [main] INFO  o.s.d.e.support.VersionInfo - Version Elasticsearch Client in build: 7.6.2
2022-08-03 20:43:09 [main] INFO  o.s.d.e.support.VersionInfo - Version Elasticsearch Client used: 7.9.1
2022-08-03 20:43:09 [main] INFO  o.s.d.e.support.VersionInfo - Version Elasticsearch Client used: 7.9.1
2022-08-03 20:43:09 [main] WARN  o.s.d.e.support.VersionInfo - Version mismatch in between Elasticsearch Clients build/use: 7.6.2 - 7.9.1
2022-08-03 20:43:09 [main] WARN  o.s.d.e.support.VersionInfo - Version mismatch in between Elasticsearch Clients build/use: 7.6.2 - 7.9.1
2022-08-03 20:43:09 [main] INFO  o.s.d.e.support.VersionInfo - Version Elasticsearch cluster: 7.9.1
2022-08-03 20:43:09 [main] INFO  o.s.d.e.support.VersionInfo - Version Elasticsearch cluster: 7.9.1
2022-08-03 20:43:15 [main] INFO  o.s.s.web.DefaultSecurityFilterChain - Creating filter chain: Ant [pattern='/api-docs'], []
2022-08-03 20:43:15 [main] INFO  o.s.s.web.DefaultSecurityFilterChain - Creating filter chain: Ant [pattern='/api-docs'], []
2022-08-03 20:43:16 [main] INFO  o.s.s.web.DefaultSecurityFilterChain - Creating filter chain: any request, [org.springframework.security.web.context.request.async.WebAsyncManagerIntegrationFilter@d6d683e, org.springframework.security.web.context.SecurityContextPersistenceFilter@283bb8b7, org.springframework.security.web.header.HeaderWriterFilter@33e8e146, org.springframework.security.web.authentication.logout.LogoutFilter@2c15034f, org.springframework.security.web.authentication.www.BasicAuthenticationFilter@5b6cc344, org.springframework.security.web.savedrequest.RequestCacheAwareFilter@4fa8297b, org.springframework.security.web.servletapi.SecurityContextHolderAwareRequestFilter@3ea2f72e, org.springframework.security.web.authentication.AnonymousAuthenticationFilter@42cfd794, org.springframework.security.web.session.SessionManagementFilter@e8c84eb, org.springframework.security.web.access.ExceptionTranslationFilter@4f8900b0, org.springframework.security.web.access.intercept.FilterSecurityInterceptor@707f4647]
2022-08-03 20:43:16 [main] INFO  o.s.s.web.DefaultSecurityFilterChain - Creating filter chain: any request, [org.springframework.security.web.context.request.async.WebAsyncManagerIntegrationFilter@422ba9b7, org.springframework.security.web.context.SecurityContextPersistenceFilter@5d404a3c, org.springframework.security.web.header.HeaderWriterFilter@f237ae7, org.springframework.security.web.authentication.logout.LogoutFilter@69f3e556, org.springframework.security.web.authentication.www.BasicAuthenticationFilter@3ff26c9, org.springframework.security.web.savedrequest.RequestCacheAwareFilter@48692405, org.springframework.security.web.servletapi.SecurityContextHolderAwareRequestFilter@6644bdf5, org.springframework.security.web.authentication.AnonymousAuthenticationFilter@26cdd4af, org.springframework.security.web.session.SessionManagementFilter@66048ac4, org.springframework.security.web.access.ExceptionTranslationFilter@492c8137, org.springframework.security.web.access.intercept.FilterSecurityInterceptor@5ad40184]
2022-08-03 20:43:17 [main] INFO  o.s.s.c.ThreadPoolTaskExecutor - Initializing ExecutorService 'applicationTaskExecutor'
2022-08-03 20:43:18 [main] INFO  o.s.s.c.ThreadPoolTaskExecutor - Initializing ExecutorService 'applicationTaskExecutor'
2022-08-03 20:43:26 [main] INFO  o.a.coyote.http11.Http11NioProtocol - Starting ProtocolHandler ["http-nio-8183"]
2022-08-03 20:43:26 [main] INFO  o.a.coyote.http11.Http11NioProtocol - Starting ProtocolHandler ["http-nio-8185"]
2022-08-03 20:43:27 [main] INFO  o.s.b.w.e.tomcat.TomcatWebServer - Tomcat started on port(s): 8185 (http) with context path '/elasticsearch-query-service'
2022-08-03 20:43:27 [main] INFO  n.s.e.q.s.ElasticsearchQueryServiceApplication - Started ElasticsearchQueryServiceApplication in 67.77 seconds (JVM running for 71.444)
2022-08-03 20:43:28 [main] INFO  o.s.b.w.e.tomcat.TomcatWebServer - Tomcat started on port(s): 8183 (http) with context path '/elasticsearch-query-service'
2022-08-03 20:43:28 [main] INFO  n.s.e.q.s.ElasticsearchQueryServiceApplication - Started ElasticsearchQueryServiceApplication in 68.042 seconds (JVM running for 71.669)
2022-08-03 20:48:11 [http-nio-8183-exec-2] INFO  o.a.c.c.C.[.[.[/elasticsearch-query-service] - Initializing Spring DispatcherServlet 'dispatcherServlet'
2022-08-03 20:48:11 [http-nio-8183-exec-2] INFO  o.s.web.servlet.DispatcherServlet - Initializing Servlet 'dispatcherServlet'
2022-08-03 20:48:11 [http-nio-8183-exec-2] INFO  o.s.web.servlet.DispatcherServlet - Completed initialization in 446 ms
